<?xml version="1.0" encoding="UTF-8"?>
<testsuite xmlns:xsi="http://www.w3.org/2001/XMLSchema-instance" xsi:noNamespaceSchemaLocation="https://maven.apache.org/surefire/maven-surefire-plugin/xsd/surefire-test-report-3.0.xsd" version="3.0" name="features.KarateTest" time="18.192" tests="1" errors="0" skipped="0" failures="0">
  <properties>
[...]
</properties>
  <testcase name="testParallel" classname="features.KarateTest" time="18.16">
    <system-out><![CDATA[14:46:49.180 [main] INFO  com.intuit.karate.Runner - using system property 'karate.options': --tags @ListarTodosOsLivros,@ConsultarLivroPorID,@AssociarLivro,@AtualizarLivro,@DeletarLivros
14:46:50.759 [main] DEBUG com.intuit.karate.Suite - [config] classpath:karate-config.js
14:46:50.771 [main] INFO  com.intuit.karate.Suite - backed up existing 'target\karate-reports' dir to: target\karate-reports_1768240010762
14:46:50.787 [main] DEBUG com.intuit.karate.Suite - waiting for 8 features to complete
14:46:52.593 [pool-2-thread-3] INFO  com.intuit.karate - karate.env system property was: null 
14:46:52.593 [pool-2-thread-2] INFO  com.intuit.karate - karate.env system property was: null 
14:46:52.593 [pool-2-thread-4] INFO  com.intuit.karate - karate.env system property was: null 
14:46:52.593 [pool-2-thread-5] INFO  com.intuit.karate - karate.env system property was: null 
14:46:52.593 [pool-2-thread-1] INFO  com.intuit.karate - karate.env system property was: null 
14:46:52.595 [pool-2-thread-1] INFO  com.intuit.karate - karate.env system property was: null 
14:46:52.595 [pool-2-thread-4] INFO  com.intuit.karate - karate.env system property was: null 
14:46:52.595 [pool-2-thread-3] INFO  com.intuit.karate - karate.env system property was: null 
14:46:52.595 [pool-2-thread-2] INFO  com.intuit.karate - karate.env system property was: null 
14:46:52.595 [pool-2-thread-5] INFO  com.intuit.karate - karate.env system property was: null 
14:46:52.677 [pool-2-thread-4] INFO  c.intuit.karate.core.FeatureRuntime - classpath:features/books/associar-livro.feature - call by tag at line 47: AssociarLivro
14:46:52.701 [pool-2-thread-5] INFO  c.intuit.karate.core.FeatureRuntime - classpath:features/books/associar-livro.feature - call by tag at line 47: AssociarLivro
14:46:52.712 [pool-2-thread-4] INFO  com.intuit.karate - >> lock acquired, begin callonce: read('classpath:features/auth/autenticacao.feature@Token')
14:46:52.713 [pool-2-thread-4] INFO  c.intuit.karate.core.FeatureRuntime - classpath:features/auth/autenticacao.feature - call by tag at line 13: Token
14:46:52.721 [pool-2-thread-1] INFO  com.intuit.karate - >> lock acquired, begin callonce: read('classpath:features/auth/autenticacao.feature@Token')
14:46:52.729 [pool-2-thread-1] INFO  c.intuit.karate.core.FeatureRuntime - classpath:features/auth/autenticacao.feature - call by tag at line 13: Token
14:46:52.757 [pool-2-thread-5] INFO  com.intuit.karate - >> lock acquired, begin callonce: read('classpath:features/auth/autenticacao.feature@Token')
14:46:52.758 [pool-2-thread-5] INFO  c.intuit.karate.core.FeatureRuntime - classpath:features/auth/autenticacao.feature - call by tag at line 13: Token
14:46:52.763 [pool-2-thread-4] INFO  c.intuit.karate.core.FeatureRuntime - classpath:features/usuarios/cadastro-usuarios.feature - call by tag at line 12: CriarUsuarioComSucesso
14:46:52.783 [pool-2-thread-5] INFO  c.intuit.karate.core.FeatureRuntime - classpath:features/usuarios/cadastro-usuarios.feature - call by tag at line 12: CriarUsuarioComSucesso
14:46:52.785 [pool-2-thread-1] INFO  c.intuit.karate.core.FeatureRuntime - classpath:features/usuarios/cadastro-usuarios.feature - call by tag at line 12: CriarUsuarioComSucesso
14:46:53.714 [pool-2-thread-1] DEBUG com.intuit.karate - request:
1 > POST https://bookstore.toolsqa.com/Account/v1/User
1 > Content-Type: application/json; charset=UTF-8
1 > Content-Length: 59
1 > Host: bookstore.toolsqa.com
1 > Connection: Keep-Alive
1 > User-Agent: Apache-HttpClient/4.5.14 (Java/21.0.9)
1 > Accept-Encoding: gzip,deflate
{"userName":"isis.veloso@live.com","password":"Senha1234@"}

14:46:53.714 [pool-2-thread-5] DEBUG com.intuit.karate - request:
1 > POST https://bookstore.toolsqa.com/Account/v1/User
1 > Content-Type: application/json; charset=UTF-8
1 > Content-Length: 66
1 > Host: bookstore.toolsqa.com
1 > Connection: Keep-Alive
1 > User-Agent: Apache-HttpClient/4.5.14 (Java/21.0.9)
1 > Accept-Encoding: gzip,deflate
{"userName":"antonia.danobrega@gmail.com","password":"Senha1234@"}

14:46:53.714 [pool-2-thread-4] DEBUG com.intuit.karate - request:
1 > POST https://bookstore.toolsqa.com/Account/v1/User
1 > Content-Type: application/json; charset=UTF-8
1 > Content-Length: 60
1 > Host: bookstore.toolsqa.com
1 > Connection: Keep-Alive
1 > User-Agent: Apache-HttpClient/4.5.14 (Java/21.0.9)
1 > Accept-Encoding: gzip,deflate
{"userName":"amanda.nunes@live.com","password":"Senha1234@"}

14:46:55.411 [pool-2-thread-4] DEBUG com.intuit.karate - response time in milliseconds: 1694
1 < 201
1 < Server: nginx/1.17.10 (Ubuntu)
1 < Date: Mon, 12 Jan 2026 17:47:00 GMT
1 < Content-Type: application/json; charset=utf-8
1 < Content-Length: 95
1 < Connection: keep-alive
1 < X-Powered-By: Express
1 < ETag: W/"5f-oNFYhuo4Tz2hJ17DlkvwJcezR48"
{"userID":"0bf9cae2-76c6-4623-9e59-a3d77e6d1b7a","username":"amanda.nunes@live.com","books":[]}

14:46:55.411 [pool-2-thread-1] DEBUG com.intuit.karate - response time in milliseconds: 1692
1 < 201
1 < Server: nginx/1.17.10 (Ubuntu)
1 < Date: Mon, 12 Jan 2026 17:47:00 GMT
1 < Content-Type: application/json; charset=utf-8
1 < Content-Length: 94
1 < Connection: keep-alive
1 < X-Powered-By: Express
1 < ETag: W/"5e-InS/weUlCW0BjpHvWx/P5dhIQtw"
{"userID":"205be840-0032-4b4a-9248-73c7f6501963","username":"isis.veloso@live.com","books":[]}

14:46:55.411 [pool-2-thread-5] DEBUG com.intuit.karate - response time in milliseconds: 1692
1 < 201
1 < Server: nginx/1.17.10 (Ubuntu)
1 < Date: Mon, 12 Jan 2026 17:47:00 GMT
1 < Content-Type: application/json; charset=utf-8
1 < Content-Length: 101
1 < Connection: keep-alive
1 < X-Powered-By: Express
1 < ETag: W/"65-TBCKxIO9YSKg2OpQ0IP3+h38xXI"
{"userID":"324387db-05f1-48d2-8a7b-d364b6670c8f","username":"antonia.danobrega@gmail.com","books":[]}

14:46:55.445 [pool-2-thread-1] INFO  com.intuit.karate - [print] Usuário Criado com Sucesso: isis.veloso@live.com 
14:46:55.445 [pool-2-thread-5] INFO  com.intuit.karate - [print] Usuário Criado com Sucesso: antonia.danobrega@gmail.com 
14:46:55.445 [pool-2-thread-4] INFO  com.intuit.karate - [print] Usuário Criado com Sucesso: amanda.nunes@live.com 
14:46:55.448 [pool-2-thread-1] INFO  com.intuit.karate - [print] {
  "userID": "205be840-0032-4b4a-9248-73c7f6501963",
  "username": "isis.veloso@live.com",
  "books": [
  ]
}
 
14:46:55.448 [pool-2-thread-5] INFO  com.intuit.karate - [print] {
  "userID": "324387db-05f1-48d2-8a7b-d364b6670c8f",
  "username": "antonia.danobrega@gmail.com",
  "books": [
  ]
}
 
14:46:55.449 [pool-2-thread-4] INFO  com.intuit.karate - [print] {
  "userID": "0bf9cae2-76c6-4623-9e59-a3d77e6d1b7a",
  "username": "amanda.nunes@live.com",
  "books": [
  ]
}
 
14:46:55.457 [pool-2-thread-1] INFO  com.intuit.karate - [print] Criando o Token para o usuário: isis.veloso@live.com | Senha: Senha1234@ 
14:46:55.457 [pool-2-thread-5] INFO  com.intuit.karate - [print] Criando o Token para o usuário: antonia.danobrega@gmail.com | Senha: Senha1234@ 
14:46:55.457 [pool-2-thread-4] INFO  com.intuit.karate - [print] Criando o Token para o usuário: amanda.nunes@live.com | Senha: Senha1234@ 
14:46:55.459 [pool-2-thread-5] DEBUG com.intuit.karate - request:
1 > POST https://bookstore.toolsqa.com/Account/v1/GenerateToken
1 > Content-Type: application/json; charset=UTF-8
1 > Content-Length: 66
1 > Host: bookstore.toolsqa.com
1 > Connection: Keep-Alive
1 > User-Agent: Apache-HttpClient/4.5.14 (Java/21.0.9)
1 > Accept-Encoding: gzip,deflate
{"userName":"antonia.danobrega@gmail.com","password":"Senha1234@"}

14:46:55.459 [pool-2-thread-4] DEBUG com.intuit.karate - request:
1 > POST https://bookstore.toolsqa.com/Account/v1/GenerateToken
1 > Content-Type: application/json; charset=UTF-8
1 > Content-Length: 60
1 > Host: bookstore.toolsqa.com
1 > Connection: Keep-Alive
1 > User-Agent: Apache-HttpClient/4.5.14 (Java/21.0.9)
1 > Accept-Encoding: gzip,deflate
{"userName":"amanda.nunes@live.com","password":"Senha1234@"}

14:46:55.459 [pool-2-thread-1] DEBUG com.intuit.karate - request:
1 > POST https://bookstore.toolsqa.com/Account/v1/GenerateToken
1 > Content-Type: application/json; charset=UTF-8
1 > Content-Length: 59
1 > Host: bookstore.toolsqa.com
1 > Connection: Keep-Alive
1 > User-Agent: Apache-HttpClient/4.5.14 (Java/21.0.9)
1 > Accept-Encoding: gzip,deflate
{"userName":"isis.veloso@live.com","password":"Senha1234@"}

14:46:56.835 [pool-2-thread-5] DEBUG com.intuit.karate - response time in milliseconds: 1375
1 < 200
1 < Server: nginx/1.17.10 (Ubuntu)
1 < Date: Mon, 12 Jan 2026 17:47:02 GMT
1 < Content-Type: application/json; charset=utf-8
1 < Content-Length: 301
1 < Connection: keep-alive
1 < X-Powered-By: Express
1 < ETag: W/"12d-ItFr6i4l0JiY3fnY24tlcsZ7axU"
{"token":"eyJhbGciOiJIUzI1NiIsInR5cCI6IkpXVCJ9.eyJ1c2VyTmFtZSI6ImFudG9uaWEuZGFub2JyZWdhQGdtYWlsLmNvbSIsInBhc3N3b3JkIjoiU2VuaGExMjM0QCIsImlhdCI6MTc2ODI0MDAyMX0.mEr0o8ZjpOoRHHRjnACiHntvUI27dupb-ku7Ohwn2PQ","expires":"2026-01-19T17:47:01.246Z","status":"Success","result":"User authorized successfully."}

14:46:56.839 [pool-2-thread-5] INFO  com.intuit.karate - [print] {
  "token": "eyJhbGciOiJIUzI1NiIsInR5cCI6IkpXVCJ9.eyJ1c2VyTmFtZSI6ImFudG9uaWEuZGFub2JyZWdhQGdtYWlsLmNvbSIsInBhc3N3b3JkIjoiU2VuaGExMjM0QCIsImlhdCI6MTc2ODI0MDAyMX0.mEr0o8ZjpOoRHHRjnACiHntvUI27dupb-ku7Ohwn2PQ",
  "expires": "2026-01-19T17:47:01.246Z",
  "status": "Success",
  "result": "User authorized successfully."
}
 
14:46:56.840 [pool-2-thread-5] INFO  com.intuit.karate - << lock released, cached callonce: read('classpath:features/auth/autenticacao.feature@Token')
14:46:56.847 [pool-2-thread-5] INFO  c.intuit.karate.core.FeatureRuntime - classpath:features/books/listar-todos-os-livros.feature - call by tag at line 6: ListarTodosOsLivros
14:46:56.856 [pool-2-thread-5] DEBUG com.intuit.karate - request:
1 > GET https://bookstore.toolsqa.com/BookStore/v1/Books
1 > Host: bookstore.toolsqa.com
1 > Connection: Keep-Alive
1 > User-Agent: Apache-HttpClient/4.5.14 (Java/21.0.9)
1 > Accept-Encoding: gzip,deflate


14:46:57.360 [pool-2-thread-4] DEBUG com.intuit.karate - response time in milliseconds: 1899
1 < 200
1 < Server: nginx/1.17.10 (Ubuntu)
1 < Date: Mon, 12 Jan 2026 17:47:02 GMT
1 < Content-Type: application/json; charset=utf-8
1 < Content-Length: 293
1 < Connection: keep-alive
1 < X-Powered-By: Express
1 < ETag: W/"125-D3Y8cVSqy+ZwE8DYq0fEDbL2900"
{"token":"eyJhbGciOiJIUzI1NiIsInR5cCI6IkpXVCJ9.eyJ1c2VyTmFtZSI6ImFtYW5kYS5udW5lc0BsaXZlLmNvbSIsInBhc3N3b3JkIjoiU2VuaGExMjM0QCIsImlhdCI6MTc2ODI0MDAyMX0.7Bd_e_E_JBnX6HTE5vdh3_nHWXSB4b_u_SMYXJoNzpk","expires":"2026-01-19T17:47:01.264Z","status":"Success","result":"User authorized successfully."}

14:46:57.365 [pool-2-thread-4] INFO  com.intuit.karate - [print] {
  "token": "eyJhbGciOiJIUzI1NiIsInR5cCI6IkpXVCJ9.eyJ1c2VyTmFtZSI6ImFtYW5kYS5udW5lc0BsaXZlLmNvbSIsInBhc3N3b3JkIjoiU2VuaGExMjM0QCIsImlhdCI6MTc2ODI0MDAyMX0.7Bd_e_E_JBnX6HTE5vdh3_nHWXSB4b_u_SMYXJoNzpk",
  "expires": "2026-01-19T17:47:01.264Z",
  "status": "Success",
  "result": "User authorized successfully."
}
 
14:46:57.366 [pool-2-thread-4] INFO  com.intuit.karate - << lock released, cached callonce: read('classpath:features/auth/autenticacao.feature@Token')
14:46:57.375 [pool-2-thread-4] INFO  c.intuit.karate.core.FeatureRuntime - classpath:features/books/listar-todos-os-livros.feature - call by tag at line 6: ListarTodosOsLivros
14:46:57.384 [pool-2-thread-5] DEBUG com.intuit.karate - response time in milliseconds: 526
1 < 200
1 < Server: nginx/1.17.10 (Ubuntu)
1 < Date: Mon, 12 Jan 2026 17:47:02 GMT
1 < Content-Type: application/json; charset=utf-8
1 < Content-Length: 4514
1 < Connection: keep-alive
1 < X-Powered-By: Express
1 < ETag: W/"11a2-8zfX++QwcgaCjSU6F8JP9fUd1tY"
{"books":[{"isbn":"9781449325862","title":"Git Pocket Guide","subTitle":"A Working Introduction","author":"Richard E. Silverman","publish_date":"2020-06-04T08:48:39.000Z","publisher":"O'Reilly Media","pages":234,"description":"This pocket guide is the perfect on-the-job companion to Git, the distributed version control system. It provides a compact, readable introduction to Git for new users, as well as a reference to common commands and procedures for those of you with Git exp","website":"http://chimera.labs.oreilly.com/books/1230000000561/index.html"},{"isbn":"9781449331818","title":"Learning JavaScript Design Patterns","subTitle":"A JavaScript and jQuery Developer's Guide","author":"Addy Osmani","publish_date":"2020-06-04T09:11:40.000Z","publisher":"O'Reilly Media","pages":254,"description":"With Learning JavaScript Design Patterns, you'll learn how to write beautiful, structured, and maintainable JavaScript by applying classical and modern design patterns to the language. If you want to keep your code efficient, more manageable, and up-to-da","website":"http://www.addyosmani.com/resources/essentialjsdesignpatterns/book/"},{"isbn":"9781449337711","title":"Designing Evolvable Web APIs with ASP.NET","subTitle":"Harnessing the Power of the Web","author":"Glenn Block et al.","publish_date":"2020-06-04T09:12:43.000Z","publisher":"O'Reilly Media","pages":238,"description":"Design and build Web APIs for a broad range of clients—including browsers and mobile devices—that can adapt to change over time. This practical, hands-on guide takes you through the theory and tools you need to build evolvable HTTP services with Microsoft","website":"http://chimera.labs.oreilly.com/books/1234000001708/index.html"},{"isbn":"9781449365035","title":"Speaking JavaScript","subTitle":"An In-Depth Guide for Programmers","author":"Axel Rauschmayer","publish_date":"2014-02-01T00:00:00.000Z","publisher":"O'Reilly Media","pages":460,"description":"Like it or not, JavaScript is everywhere these days-from browser to server to mobile-and now you, too, need to learn the language or dive deeper than you have. This concise book guides you into and through JavaScript, written by a veteran programmer who o","website":"http://speakingjs.com/"},{"isbn":"9781491904244","title":"You Don't Know JS","subTitle":"ES6 & Beyond","author":"Kyle Simpson","publish_date":"2015-12-27T00:00:00.000Z","publisher":"O'Reilly Media","pages":278,"description":"No matter how much experience you have with JavaScript, odds are you don’t fully understand the language. As part of the \\\"You Don’t Know JS\\\" series, this compact guide focuses on new features available in ECMAScript 6 (ES6), the latest version of the st","website":"https://github.com/getify/You-Dont-Know-JS/tree/master/es6%20&%20beyond"},{"isbn":"9781491950296","title":"Programming JavaScript Applications","subTitle":"Robust Web Architecture with Node, HTML5, and Modern JS Libraries","author":"Eric Elliott","publish_date":"2014-07-01T00:00:00.000Z","publisher":"O'Reilly Media","pages":254,"description":"Take advantage of JavaScript's power to build robust web-scale or enterprise applications that are easy to extend and maintain. By applying the design patterns outlined in this practical book, experienced JavaScript developers will learn how to write flex","website":"http://chimera.labs.oreilly.com/books/1234000000262/index.html"},{"isbn":"9781593275846","title":"Eloquent JavaScript, Second Edition","subTitle":"A Modern Introduction to Programming","author":"Marijn Haverbeke","publish_date":"2014-12-14T00:00:00.000Z","publisher":"No Starch Press","pages":472,"description":"JavaScript lies at the heart of almost every modern web application, from social apps to the newest browser-based games. Though simple for beginners to pick up and play with, JavaScript is a flexible, complex language that you can use to build full-scale ","website":"http://eloquentjavascript.net/"},{"isbn":"9781593277574","title":"Understanding ECMAScript 6","subTitle":"The Definitive Guide for JavaScript Developers","author":"Nicholas C. Zakas","publish_date":"2016-09-03T00:00:00.000Z","publisher":"No Starch Press","pages":352,"description":"ECMAScript 6 represents the biggest update to the core of JavaScript in the history of the language. In Understanding ECMAScript 6, expert developer Nicholas C. Zakas provides a complete guide to the object types, syntax, and other exciting changes that E","website":"https://leanpub.com/understandinges6/read"}]}

14:46:57.387 [pool-2-thread-4] DEBUG com.intuit.karate - request:
1 > GET https://bookstore.toolsqa.com/BookStore/v1/Books
1 > Host: bookstore.toolsqa.com
1 > Connection: Keep-Alive
1 > User-Agent: Apache-HttpClient/4.5.14 (Java/21.0.9)
1 > Accept-Encoding: gzip,deflate


14:46:57.436 [pool-2-thread-5] INFO  com.intuit.karate - [print] ------------------------------------- 
14:46:57.443 [pool-2-thread-5] INFO  com.intuit.karate - [print] Status da Resposta: 200 
14:46:57.447 [pool-2-thread-5] INFO  com.intuit.karate - [print] Total de livros encontrados no catálogo: 8 
14:46:57.450 [pool-2-thread-5] INFO  com.intuit.karate - [print] Informações do primeiro livro da lista: 
14:46:57.453 [pool-2-thread-5] INFO  com.intuit.karate - [print] ID do Livro: 9781449325862 
14:46:57.458 [pool-2-thread-5] INFO  com.intuit.karate - [print] Título: Git Pocket Guide 
14:46:57.461 [pool-2-thread-5] INFO  com.intuit.karate - [print] ------------------------------------- 
14:46:57.462 [pool-2-thread-5] INFO  com.intuit.karate - [print] {
  "books": [
    {
      "isbn": "9781449325862",
      "title": "Git Pocket Guide",
      "subTitle": "A Working Introduction",
      "author": "Richard E. Silverman",
      "publish_date": "2020-06-04T08:48:39.000Z",
      "publisher": "O'Reilly Media",
      "pages": 234,
      "description": "This pocket guide is the perfect on-the-job companion to Git, the distributed version control system. It provides a compact, readable introduction to Git for new users, as well as a reference to common commands and procedures for those of you with Git exp",
      "website": "http://chimera.labs.oreilly.com/books/1230000000561/index.html"
    },
    {
      "isbn": "9781449331818",
      "title": "Learning JavaScript Design Patterns",
      "subTitle": "A JavaScript and jQuery Developer's Guide",
      "author": "Addy Osmani",
      "publish_date": "2020-06-04T09:11:40.000Z",
      "publisher": "O'Reilly Media",
      "pages": 254,
      "description": "With Learning JavaScript Design Patterns, you'll learn how to write beautiful, structured, and maintainable JavaScript by applying classical and modern design patterns to the language. If you want to keep your code efficient, more manageable, and up-to-da",
      "website": "http://www.addyosmani.com/resources/essentialjsdesignpatterns/book/"
    },
    {
      "isbn": "9781449337711",
      "title": "Designing Evolvable Web APIs with ASP.NET",
      "subTitle": "Harnessing the Power of the Web",
      "author": "Glenn Block et al.",
      "publish_date": "2020-06-04T09:12:43.000Z",
      "publisher": "O'Reilly Media",
      "pages": 238,
      "description": "Design and build Web APIs for a broad range of clients\u2014including browsers and mobile devices\u2014that can adapt to change over time. This practical, hands-on guide takes you through the theory and tools you need to build evolvable HTTP services with Microsoft",
      "website": "http://chimera.labs.oreilly.com/books/1234000001708/index.html"
    },
    {
      "isbn": "9781449365035",
      "title": "Speaking JavaScript",
      "subTitle": "An In-Depth Guide for Programmers",
      "author": "Axel Rauschmayer",
      "publish_date": "2014-02-01T00:00:00.000Z",
      "publisher": "O'Reilly Media",
      "pages": 460,
      "description": "Like it or not, JavaScript is everywhere these days-from browser to server to mobile-and now you, too, need to learn the language or dive deeper than you have. This concise book guides you into and through JavaScript, written by a veteran programmer who o",
      "website": "http://speakingjs.com/"
    },
    {
      "isbn": "9781491904244",
      "title": "You Don't Know JS",
      "subTitle": "ES6 & Beyond",
      "author": "Kyle Simpson",
      "publish_date": "2015-12-27T00:00:00.000Z",
      "publisher": "O'Reilly Media",
      "pages": 278,
      "description": "No matter how much experience you have with JavaScript, odds are you don\u2019t fully understand the language. As part of the \\\"You Don\u2019t Know JS\\\" series, this compact guide focuses on new features available in ECMAScript 6 (ES6), the latest version of the st",
      "website": "https://github.com/getify/You-Dont-Know-JS/tree/master/es6%20&%20beyond"
    },
    {
      "isbn": "9781491950296",
      "title": "Programming JavaScript Applications",
      "subTitle": "Robust Web Architecture with Node, HTML5, and Modern JS Libraries",
      "author": "Eric Elliott",
      "publish_date": "2014-07-01T00:00:00.000Z",
      "publisher": "O'Reilly Media",
      "pages": 254,
      "description": "Take advantage of JavaScript's power to build robust web-scale or enterprise applications that are easy to extend and maintain. By applying the design patterns outlined in this practical book, experienced JavaScript developers will learn how to write flex",
      "website": "http://chimera.labs.oreilly.com/books/1234000000262/index.html"
    },
    {
      "isbn": "9781593275846",
      "title": "Eloquent JavaScript, Second Edition",
      "subTitle": "A Modern Introduction to Programming",
      "author": "Marijn Haverbeke",
      "publish_date": "2014-12-14T00:00:00.000Z",
      "publisher": "No Starch Press",
      "pages": 472,
      "description": "JavaScript lies at the heart of almost every modern web application, from social apps to the newest browser-based games. Though simple for beginners to pick up and play with, JavaScript is a flexible, complex language that you can use to build full-scale ",
      "website": "http://eloquentjavascript.net/"
    },
    {
      "isbn": "9781593277574",
      "title": "Understanding ECMAScript 6",
      "subTitle": "The Definitive Guide for JavaScript Developers",
      "author": "Nicholas C. Zakas",
      "publish_date": "2016-09-03T00:00:00.000Z",
      "publisher": "No Starch Press",
      "pages": 352,
      "description": "ECMAScript 6 represents the biggest update to the core of JavaScript in the history of the language. In Understanding ECMAScript 6, expert developer Nicholas C. Zakas provides a complete guide to the object types, syntax, and other exciting changes that E",
      "website": "https://leanpub.com/understandinges6/read"
    }
  ]
}
 
14:46:57.500 [pool-2-thread-5] DEBUG com.intuit.karate - request:
1 > POST https://bookstore.toolsqa.com/BookStore/v1/Books
1 > Authorization: Bearer eyJhbGciOiJIUzI1NiIsInR5cCI6IkpXVCJ9.eyJ1c2VyTmFtZSI6ImFudG9uaWEuZGFub2JyZWdhQGdtYWlsLmNvbSIsInBhc3N3b3JkIjoiU2VuaGExMjM0QCIsImlhdCI6MTc2ODI0MDAyMX0.mEr0o8ZjpOoRHHRjnACiHntvUI27dupb-ku7Ohwn2PQ
1 > Content-Type: application/json; charset=UTF-8
1 > Content-Length: 96
1 > Host: bookstore.toolsqa.com
1 > Connection: Keep-Alive
1 > User-Agent: Apache-HttpClient/4.5.14 (Java/21.0.9)
1 > Accept-Encoding: gzip,deflate
{"userId":"324387db-05f1-48d2-8a7b-d364b6670c8f","collectionOfIsbns":[{"isbn":"9781449325862"}]}

14:46:57.902 [pool-2-thread-4] DEBUG com.intuit.karate - response time in milliseconds: 513
1 < 200
1 < Server: nginx/1.17.10 (Ubuntu)
1 < Date: Mon, 12 Jan 2026 17:47:03 GMT
1 < Content-Type: application/json; charset=utf-8
1 < Content-Length: 4514
1 < Connection: keep-alive
1 < X-Powered-By: Express
1 < ETag: W/"11a2-8zfX++QwcgaCjSU6F8JP9fUd1tY"
{"books":[{"isbn":"9781449325862","title":"Git Pocket Guide","subTitle":"A Working Introduction","author":"Richard E. Silverman","publish_date":"2020-06-04T08:48:39.000Z","publisher":"O'Reilly Media","pages":234,"description":"This pocket guide is the perfect on-the-job companion to Git, the distributed version control system. It provides a compact, readable introduction to Git for new users, as well as a reference to common commands and procedures for those of you with Git exp","website":"http://chimera.labs.oreilly.com/books/1230000000561/index.html"},{"isbn":"9781449331818","title":"Learning JavaScript Design Patterns","subTitle":"A JavaScript and jQuery Developer's Guide","author":"Addy Osmani","publish_date":"2020-06-04T09:11:40.000Z","publisher":"O'Reilly Media","pages":254,"description":"With Learning JavaScript Design Patterns, you'll learn how to write beautiful, structured, and maintainable JavaScript by applying classical and modern design patterns to the language. If you want to keep your code efficient, more manageable, and up-to-da","website":"http://www.addyosmani.com/resources/essentialjsdesignpatterns/book/"},{"isbn":"9781449337711","title":"Designing Evolvable Web APIs with ASP.NET","subTitle":"Harnessing the Power of the Web","author":"Glenn Block et al.","publish_date":"2020-06-04T09:12:43.000Z","publisher":"O'Reilly Media","pages":238,"description":"Design and build Web APIs for a broad range of clients—including browsers and mobile devices—that can adapt to change over time. This practical, hands-on guide takes you through the theory and tools you need to build evolvable HTTP services with Microsoft","website":"http://chimera.labs.oreilly.com/books/1234000001708/index.html"},{"isbn":"9781449365035","title":"Speaking JavaScript","subTitle":"An In-Depth Guide for Programmers","author":"Axel Rauschmayer","publish_date":"2014-02-01T00:00:00.000Z","publisher":"O'Reilly Media","pages":460,"description":"Like it or not, JavaScript is everywhere these days-from browser to server to mobile-and now you, too, need to learn the language or dive deeper than you have. This concise book guides you into and through JavaScript, written by a veteran programmer who o","website":"http://speakingjs.com/"},{"isbn":"9781491904244","title":"You Don't Know JS","subTitle":"ES6 & Beyond","author":"Kyle Simpson","publish_date":"2015-12-27T00:00:00.000Z","publisher":"O'Reilly Media","pages":278,"description":"No matter how much experience you have with JavaScript, odds are you don’t fully understand the language. As part of the \\\"You Don’t Know JS\\\" series, this compact guide focuses on new features available in ECMAScript 6 (ES6), the latest version of the st","website":"https://github.com/getify/You-Dont-Know-JS/tree/master/es6%20&%20beyond"},{"isbn":"9781491950296","title":"Programming JavaScript Applications","subTitle":"Robust Web Architecture with Node, HTML5, and Modern JS Libraries","author":"Eric Elliott","publish_date":"2014-07-01T00:00:00.000Z","publisher":"O'Reilly Media","pages":254,"description":"Take advantage of JavaScript's power to build robust web-scale or enterprise applications that are easy to extend and maintain. By applying the design patterns outlined in this practical book, experienced JavaScript developers will learn how to write flex","website":"http://chimera.labs.oreilly.com/books/1234000000262/index.html"},{"isbn":"9781593275846","title":"Eloquent JavaScript, Second Edition","subTitle":"A Modern Introduction to Programming","author":"Marijn Haverbeke","publish_date":"2014-12-14T00:00:00.000Z","publisher":"No Starch Press","pages":472,"description":"JavaScript lies at the heart of almost every modern web application, from social apps to the newest browser-based games. Though simple for beginners to pick up and play with, JavaScript is a flexible, complex language that you can use to build full-scale ","website":"http://eloquentjavascript.net/"},{"isbn":"9781593277574","title":"Understanding ECMAScript 6","subTitle":"The Definitive Guide for JavaScript Developers","author":"Nicholas C. Zakas","publish_date":"2016-09-03T00:00:00.000Z","publisher":"No Starch Press","pages":352,"description":"ECMAScript 6 represents the biggest update to the core of JavaScript in the history of the language. In Understanding ECMAScript 6, expert developer Nicholas C. Zakas provides a complete guide to the object types, syntax, and other exciting changes that E","website":"https://leanpub.com/understandinges6/read"}]}

14:46:57.917 [pool-2-thread-4] INFO  com.intuit.karate - [print] ------------------------------------- 
14:46:57.919 [pool-2-thread-4] INFO  com.intuit.karate - [print] Status da Resposta: 200 
14:46:57.921 [pool-2-thread-4] INFO  com.intuit.karate - [print] Total de livros encontrados no catálogo: 8 
14:46:57.922 [pool-2-thread-4] INFO  com.intuit.karate - [print] Informações do primeiro livro da lista: 
14:46:57.923 [pool-2-thread-4] INFO  com.intuit.karate - [print] ID do Livro: 9781449325862 
14:46:57.925 [pool-2-thread-4] INFO  com.intuit.karate - [print] Título: Git Pocket Guide 
14:46:57.925 [pool-2-thread-4] INFO  com.intuit.karate - [print] ------------------------------------- 
14:46:57.926 [pool-2-thread-4] INFO  com.intuit.karate - [print] {
  "books": [
    {
      "isbn": "9781449325862",
      "title": "Git Pocket Guide",
      "subTitle": "A Working Introduction",
      "author": "Richard E. Silverman",
      "publish_date": "2020-06-04T08:48:39.000Z",
      "publisher": "O'Reilly Media",
      "pages": 234,
      "description": "This pocket guide is the perfect on-the-job companion to Git, the distributed version control system. It provides a compact, readable introduction to Git for new users, as well as a reference to common commands and procedures for those of you with Git exp",
      "website": "http://chimera.labs.oreilly.com/books/1230000000561/index.html"
    },
    {
      "isbn": "9781449331818",
      "title": "Learning JavaScript Design Patterns",
      "subTitle": "A JavaScript and jQuery Developer's Guide",
      "author": "Addy Osmani",
      "publish_date": "2020-06-04T09:11:40.000Z",
      "publisher": "O'Reilly Media",
      "pages": 254,
      "description": "With Learning JavaScript Design Patterns, you'll learn how to write beautiful, structured, and maintainable JavaScript by applying classical and modern design patterns to the language. If you want to keep your code efficient, more manageable, and up-to-da",
      "website": "http://www.addyosmani.com/resources/essentialjsdesignpatterns/book/"
    },
    {
      "isbn": "9781449337711",
      "title": "Designing Evolvable Web APIs with ASP.NET",
      "subTitle": "Harnessing the Power of the Web",
      "author": "Glenn Block et al.",
      "publish_date": "2020-06-04T09:12:43.000Z",
      "publisher": "O'Reilly Media",
      "pages": 238,
      "description": "Design and build Web APIs for a broad range of clients\u2014including browsers and mobile devices\u2014that can adapt to change over time. This practical, hands-on guide takes you through the theory and tools you need to build evolvable HTTP services with Microsoft",
      "website": "http://chimera.labs.oreilly.com/books/1234000001708/index.html"
    },
    {
      "isbn": "9781449365035",
      "title": "Speaking JavaScript",
      "subTitle": "An In-Depth Guide for Programmers",
      "author": "Axel Rauschmayer",
      "publish_date": "2014-02-01T00:00:00.000Z",
      "publisher": "O'Reilly Media",
      "pages": 460,
      "description": "Like it or not, JavaScript is everywhere these days-from browser to server to mobile-and now you, too, need to learn the language or dive deeper than you have. This concise book guides you into and through JavaScript, written by a veteran programmer who o",
      "website": "http://speakingjs.com/"
    },
    {
      "isbn": "9781491904244",
      "title": "You Don't Know JS",
      "subTitle": "ES6 & Beyond",
      "author": "Kyle Simpson",
      "publish_date": "2015-12-27T00:00:00.000Z",
      "publisher": "O'Reilly Media",
      "pages": 278,
      "description": "No matter how much experience you have with JavaScript, odds are you don\u2019t fully understand the language. As part of the \\\"You Don\u2019t Know JS\\\" series, this compact guide focuses on new features available in ECMAScript 6 (ES6), the latest version of the st",
      "website": "https://github.com/getify/You-Dont-Know-JS/tree/master/es6%20&%20beyond"
    },
    {
      "isbn": "9781491950296",
      "title": "Programming JavaScript Applications",
      "subTitle": "Robust Web Architecture with Node, HTML5, and Modern JS Libraries",
      "author": "Eric Elliott",
      "publish_date": "2014-07-01T00:00:00.000Z",
      "publisher": "O'Reilly Media",
      "pages": 254,
      "description": "Take advantage of JavaScript's power to build robust web-scale or enterprise applications that are easy to extend and maintain. By applying the design patterns outlined in this practical book, experienced JavaScript developers will learn how to write flex",
      "website": "http://chimera.labs.oreilly.com/books/1234000000262/index.html"
    },
    {
      "isbn": "9781593275846",
      "title": "Eloquent JavaScript, Second Edition",
      "subTitle": "A Modern Introduction to Programming",
      "author": "Marijn Haverbeke",
      "publish_date": "2014-12-14T00:00:00.000Z",
      "publisher": "No Starch Press",
      "pages": 472,
      "description": "JavaScript lies at the heart of almost every modern web application, from social apps to the newest browser-based games. Though simple for beginners to pick up and play with, JavaScript is a flexible, complex language that you can use to build full-scale ",
      "website": "http://eloquentjavascript.net/"
    },
    {
      "isbn": "9781593277574",
      "title": "Understanding ECMAScript 6",
      "subTitle": "The Definitive Guide for JavaScript Developers",
      "author": "Nicholas C. Zakas",
      "publish_date": "2016-09-03T00:00:00.000Z",
      "publisher": "No Starch Press",
      "pages": 352,
      "description": "ECMAScript 6 represents the biggest update to the core of JavaScript in the history of the language. In Understanding ECMAScript 6, expert developer Nicholas C. Zakas provides a complete guide to the object types, syntax, and other exciting changes that E",
      "website": "https://leanpub.com/understandinges6/read"
    }
  ]
}
 
14:46:57.936 [pool-2-thread-4] DEBUG com.intuit.karate - request:
1 > POST https://bookstore.toolsqa.com/BookStore/v1/Books
1 > Authorization: Bearer eyJhbGciOiJIUzI1NiIsInR5cCI6IkpXVCJ9.eyJ1c2VyTmFtZSI6ImFtYW5kYS5udW5lc0BsaXZlLmNvbSIsInBhc3N3b3JkIjoiU2VuaGExMjM0QCIsImlhdCI6MTc2ODI0MDAyMX0.7Bd_e_E_JBnX6HTE5vdh3_nHWXSB4b_u_SMYXJoNzpk
1 > Content-Type: application/json; charset=UTF-8
1 > Content-Length: 96
1 > Host: bookstore.toolsqa.com
1 > Connection: Keep-Alive
1 > User-Agent: Apache-HttpClient/4.5.14 (Java/21.0.9)
1 > Accept-Encoding: gzip,deflate
{"userId":"0bf9cae2-76c6-4623-9e59-a3d77e6d1b7a","collectionOfIsbns":[{"isbn":"9781449325862"}]}

14:46:58.156 [pool-2-thread-1] DEBUG com.intuit.karate - response time in milliseconds: 2695
1 < 200
1 < Server: nginx/1.17.10 (Ubuntu)
1 < Date: Mon, 12 Jan 2026 17:47:03 GMT
1 < Content-Type: application/json; charset=utf-8
1 < Content-Length: 292
1 < Connection: keep-alive
1 < X-Powered-By: Express
1 < ETag: W/"124-oaD3XVlp+7p/sFAnaOnwwl2GNC8"
{"token":"eyJhbGciOiJIUzI1NiIsInR5cCI6IkpXVCJ9.eyJ1c2VyTmFtZSI6ImlzaXMudmVsb3NvQGxpdmUuY29tIiwicGFzc3dvcmQiOiJTZW5oYTEyMzRAIiwiaWF0IjoxNzY4MjQwMDIxfQ.uhwo13L3hS7n2D7UbWQud7v1uyakgWq1N7xeuyLLKYk","expires":"2026-01-19T17:47:01.286Z","status":"Success","result":"User authorized successfully."}

14:46:58.158 [pool-2-thread-1] INFO  com.intuit.karate - [print] {
  "token": "eyJhbGciOiJIUzI1NiIsInR5cCI6IkpXVCJ9.eyJ1c2VyTmFtZSI6ImlzaXMudmVsb3NvQGxpdmUuY29tIiwicGFzc3dvcmQiOiJTZW5oYTEyMzRAIiwiaWF0IjoxNzY4MjQwMDIxfQ.uhwo13L3hS7n2D7UbWQud7v1uyakgWq1N7xeuyLLKYk",
  "expires": "2026-01-19T17:47:01.286Z",
  "status": "Success",
  "result": "User authorized successfully."
}
 
14:46:58.159 [pool-2-thread-1] INFO  com.intuit.karate - << lock released, cached callonce: read('classpath:features/auth/autenticacao.feature@Token')
14:46:58.159 [pool-2-thread-2] WARN  com.intuit.karate - this thread waited 5428 milliseconds for callonce lock: read('classpath:features/auth/autenticacao.feature@Token')
14:46:58.159 [pool-2-thread-3] WARN  com.intuit.karate - this thread waited 5434 milliseconds for callonce lock: read('classpath:features/auth/autenticacao.feature@Token')
14:46:58.165 [pool-2-thread-2] INFO  c.intuit.karate.core.FeatureRuntime - classpath:features/books/listar-todos-os-livros.feature - call by tag at line 6: ListarTodosOsLivros
14:46:58.165 [pool-2-thread-3] INFO  c.intuit.karate.core.FeatureRuntime - classpath:features/books/listar-todos-os-livros.feature - call by tag at line 6: ListarTodosOsLivros
14:46:58.165 [pool-2-thread-1] INFO  c.intuit.karate.core.FeatureRuntime - classpath:features/books/listar-todos-os-livros.feature - call by tag at line 6: ListarTodosOsLivros
14:46:58.173 [pool-2-thread-2] DEBUG com.intuit.karate - request:
1 > GET https://bookstore.toolsqa.com/BookStore/v1/Books
1 > Host: bookstore.toolsqa.com
1 > Connection: Keep-Alive
1 > User-Agent: Apache-HttpClient/4.5.14 (Java/21.0.9)
1 > Accept-Encoding: gzip,deflate


14:46:58.177 [pool-2-thread-3] DEBUG com.intuit.karate - request:
1 > GET https://bookstore.toolsqa.com/BookStore/v1/Books
1 > Host: bookstore.toolsqa.com
1 > Connection: Keep-Alive
1 > User-Agent: Apache-HttpClient/4.5.14 (Java/21.0.9)
1 > Accept-Encoding: gzip,deflate


14:46:58.180 [pool-2-thread-1] DEBUG com.intuit.karate - request:
1 > GET https://bookstore.toolsqa.com/BookStore/v1/Books
1 > Host: bookstore.toolsqa.com
1 > Connection: Keep-Alive
1 > User-Agent: Apache-HttpClient/4.5.14 (Java/21.0.9)
1 > Accept-Encoding: gzip,deflate


14:46:58.396 [pool-2-thread-5] DEBUG com.intuit.karate - response time in milliseconds: 895
1 < 201
1 < Server: nginx/1.17.10 (Ubuntu)
1 < Date: Mon, 12 Jan 2026 17:47:03 GMT
1 < Content-Type: application/json; charset=utf-8
1 < Content-Length: 36
1 < Connection: keep-alive
1 < X-Powered-By: Express
1 < ETag: W/"24-2U7DK3nFgERO/LjA8mW3SiqYyFc"
{"books":[{"isbn":"9781449325862"}]}

14:46:58.400 [pool-2-thread-5] INFO  com.intuit.karate - [print] Cenario de associaçao de: Sucesso 
14:46:58.401 [pool-2-thread-5] INFO  com.intuit.karate - [print] Usuário: antonia.danobrega@gmail.com 
14:46:58.403 [pool-2-thread-5] INFO  com.intuit.karate - [print] ISBN usado na requisição: 9781449325862 
14:46:58.405 [pool-2-thread-5] INFO  com.intuit.karate - [print] Resposta da API: {
  "books": [
    {
      "isbn": "9781449325862"
    }
  ]
}
 
14:46:58.406 [pool-2-thread-5] INFO  c.intuit.karate.core.FeatureRuntime - classpath:features/books/associar-livro.feature - call by tag at line 48: AssociarLivro
14:46:58.417 [pool-2-thread-5] INFO  c.intuit.karate.core.FeatureRuntime - classpath:features/books/listar-todos-os-livros.feature - call by tag at line 6: ListarTodosOsLivros
14:46:58.423 [pool-2-thread-5] DEBUG com.intuit.karate - request:
1 > GET https://bookstore.toolsqa.com/BookStore/v1/Books
1 > Host: bookstore.toolsqa.com
1 > Connection: Keep-Alive
1 > User-Agent: Apache-HttpClient/4.5.14 (Java/21.0.9)
1 > Accept-Encoding: gzip,deflate


14:46:58.620 [pool-2-thread-4] DEBUG com.intuit.karate - response time in milliseconds: 683
1 < 201
1 < Server: nginx/1.17.10 (Ubuntu)
1 < Date: Mon, 12 Jan 2026 17:47:03 GMT
1 < Content-Type: application/json; charset=utf-8
1 < Content-Length: 36
1 < Connection: keep-alive
1 < X-Powered-By: Express
1 < ETag: W/"24-2U7DK3nFgERO/LjA8mW3SiqYyFc"
{"books":[{"isbn":"9781449325862"}]}

14:46:58.623 [pool-2-thread-4] INFO  com.intuit.karate - [print] Cenario de associaçao de: Sucesso 
14:46:58.624 [pool-2-thread-4] INFO  com.intuit.karate - [print] Usuário: amanda.nunes@live.com 
14:46:58.625 [pool-2-thread-4] INFO  com.intuit.karate - [print] ISBN usado na requisição: 9781449325862 
14:46:58.627 [pool-2-thread-4] INFO  com.intuit.karate - [print] Resposta da API: {
  "books": [
    {
      "isbn": "9781449325862"
    }
  ]
}
 
14:46:58.627 [pool-2-thread-4] INFO  c.intuit.karate.core.FeatureRuntime - classpath:features/books/associar-livro.feature - call by tag at line 48: AssociarLivro
14:46:58.635 [pool-2-thread-4] INFO  c.intuit.karate.core.FeatureRuntime - classpath:features/books/listar-todos-os-livros.feature - call by tag at line 6: ListarTodosOsLivros
14:46:58.640 [pool-2-thread-4] DEBUG com.intuit.karate - request:
1 > GET https://bookstore.toolsqa.com/BookStore/v1/Books
1 > Host: bookstore.toolsqa.com
1 > Connection: Keep-Alive
1 > User-Agent: Apache-HttpClient/4.5.14 (Java/21.0.9)
1 > Accept-Encoding: gzip,deflate


14:46:58.695 [pool-2-thread-3] DEBUG com.intuit.karate - response time in milliseconds: 516
1 < 200
1 < Server: nginx/1.17.10 (Ubuntu)
1 < Date: Mon, 12 Jan 2026 17:47:03 GMT
1 < Content-Type: application/json; charset=utf-8
1 < Content-Length: 4514
1 < Connection: keep-alive
1 < X-Powered-By: Express
1 < ETag: W/"11a2-8zfX++QwcgaCjSU6F8JP9fUd1tY"
{"books":[{"isbn":"9781449325862","title":"Git Pocket Guide","subTitle":"A Working Introduction","author":"Richard E. Silverman","publish_date":"2020-06-04T08:48:39.000Z","publisher":"O'Reilly Media","pages":234,"description":"This pocket guide is the perfect on-the-job companion to Git, the distributed version control system. It provides a compact, readable introduction to Git for new users, as well as a reference to common commands and procedures for those of you with Git exp","website":"http://chimera.labs.oreilly.com/books/1230000000561/index.html"},{"isbn":"9781449331818","title":"Learning JavaScript Design Patterns","subTitle":"A JavaScript and jQuery Developer's Guide","author":"Addy Osmani","publish_date":"2020-06-04T09:11:40.000Z","publisher":"O'Reilly Media","pages":254,"description":"With Learning JavaScript Design Patterns, you'll learn how to write beautiful, structured, and maintainable JavaScript by applying classical and modern design patterns to the language. If you want to keep your code efficient, more manageable, and up-to-da","website":"http://www.addyosmani.com/resources/essentialjsdesignpatterns/book/"},{"isbn":"9781449337711","title":"Designing Evolvable Web APIs with ASP.NET","subTitle":"Harnessing the Power of the Web","author":"Glenn Block et al.","publish_date":"2020-06-04T09:12:43.000Z","publisher":"O'Reilly Media","pages":238,"description":"Design and build Web APIs for a broad range of clients—including browsers and mobile devices—that can adapt to change over time. This practical, hands-on guide takes you through the theory and tools you need to build evolvable HTTP services with Microsoft","website":"http://chimera.labs.oreilly.com/books/1234000001708/index.html"},{"isbn":"9781449365035","title":"Speaking JavaScript","subTitle":"An In-Depth Guide for Programmers","author":"Axel Rauschmayer","publish_date":"2014-02-01T00:00:00.000Z","publisher":"O'Reilly Media","pages":460,"description":"Like it or not, JavaScript is everywhere these days-from browser to server to mobile-and now you, too, need to learn the language or dive deeper than you have. This concise book guides you into and through JavaScript, written by a veteran programmer who o","website":"http://speakingjs.com/"},{"isbn":"9781491904244","title":"You Don't Know JS","subTitle":"ES6 & Beyond","author":"Kyle Simpson","publish_date":"2015-12-27T00:00:00.000Z","publisher":"O'Reilly Media","pages":278,"description":"No matter how much experience you have with JavaScript, odds are you don’t fully understand the language. As part of the \\\"You Don’t Know JS\\\" series, this compact guide focuses on new features available in ECMAScript 6 (ES6), the latest version of the st","website":"https://github.com/getify/You-Dont-Know-JS/tree/master/es6%20&%20beyond"},{"isbn":"9781491950296","title":"Programming JavaScript Applications","subTitle":"Robust Web Architecture with Node, HTML5, and Modern JS Libraries","author":"Eric Elliott","publish_date":"2014-07-01T00:00:00.000Z","publisher":"O'Reilly Media","pages":254,"description":"Take advantage of JavaScript's power to build robust web-scale or enterprise applications that are easy to extend and maintain. By applying the design patterns outlined in this practical book, experienced JavaScript developers will learn how to write flex","website":"http://chimera.labs.oreilly.com/books/1234000000262/index.html"},{"isbn":"9781593275846","title":"Eloquent JavaScript, Second Edition","subTitle":"A Modern Introduction to Programming","author":"Marijn Haverbeke","publish_date":"2014-12-14T00:00:00.000Z","publisher":"No Starch Press","pages":472,"description":"JavaScript lies at the heart of almost every modern web application, from social apps to the newest browser-based games. Though simple for beginners to pick up and play with, JavaScript is a flexible, complex language that you can use to build full-scale ","website":"http://eloquentjavascript.net/"},{"isbn":"9781593277574","title":"Understanding ECMAScript 6","subTitle":"The Definitive Guide for JavaScript Developers","author":"Nicholas C. Zakas","publish_date":"2016-09-03T00:00:00.000Z","publisher":"No Starch Press","pages":352,"description":"ECMAScript 6 represents the biggest update to the core of JavaScript in the history of the language. In Understanding ECMAScript 6, expert developer Nicholas C. Zakas provides a complete guide to the object types, syntax, and other exciting changes that E","website":"https://leanpub.com/understandinges6/read"}]}

14:46:58.699 [pool-2-thread-2] DEBUG com.intuit.karate - response time in milliseconds: 525
1 < 200
1 < Server: nginx/1.17.10 (Ubuntu)
1 < Date: Mon, 12 Jan 2026 17:47:03 GMT
1 < Content-Type: application/json; charset=utf-8
1 < Content-Length: 4514
1 < Connection: keep-alive
1 < X-Powered-By: Express
1 < ETag: W/"11a2-8zfX++QwcgaCjSU6F8JP9fUd1tY"
{"books":[{"isbn":"9781449325862","title":"Git Pocket Guide","subTitle":"A Working Introduction","author":"Richard E. Silverman","publish_date":"2020-06-04T08:48:39.000Z","publisher":"O'Reilly Media","pages":234,"description":"This pocket guide is the perfect on-the-job companion to Git, the distributed version control system. It provides a compact, readable introduction to Git for new users, as well as a reference to common commands and procedures for those of you with Git exp","website":"http://chimera.labs.oreilly.com/books/1230000000561/index.html"},{"isbn":"9781449331818","title":"Learning JavaScript Design Patterns","subTitle":"A JavaScript and jQuery Developer's Guide","author":"Addy Osmani","publish_date":"2020-06-04T09:11:40.000Z","publisher":"O'Reilly Media","pages":254,"description":"With Learning JavaScript Design Patterns, you'll learn how to write beautiful, structured, and maintainable JavaScript by applying classical and modern design patterns to the language. If you want to keep your code efficient, more manageable, and up-to-da","website":"http://www.addyosmani.com/resources/essentialjsdesignpatterns/book/"},{"isbn":"9781449337711","title":"Designing Evolvable Web APIs with ASP.NET","subTitle":"Harnessing the Power of the Web","author":"Glenn Block et al.","publish_date":"2020-06-04T09:12:43.000Z","publisher":"O'Reilly Media","pages":238,"description":"Design and build Web APIs for a broad range of clients—including browsers and mobile devices—that can adapt to change over time. This practical, hands-on guide takes you through the theory and tools you need to build evolvable HTTP services with Microsoft","website":"http://chimera.labs.oreilly.com/books/1234000001708/index.html"},{"isbn":"9781449365035","title":"Speaking JavaScript","subTitle":"An In-Depth Guide for Programmers","author":"Axel Rauschmayer","publish_date":"2014-02-01T00:00:00.000Z","publisher":"O'Reilly Media","pages":460,"description":"Like it or not, JavaScript is everywhere these days-from browser to server to mobile-and now you, too, need to learn the language or dive deeper than you have. This concise book guides you into and through JavaScript, written by a veteran programmer who o","website":"http://speakingjs.com/"},{"isbn":"9781491904244","title":"You Don't Know JS","subTitle":"ES6 & Beyond","author":"Kyle Simpson","publish_date":"2015-12-27T00:00:00.000Z","publisher":"O'Reilly Media","pages":278,"description":"No matter how much experience you have with JavaScript, odds are you don’t fully understand the language. As part of the \\\"You Don’t Know JS\\\" series, this compact guide focuses on new features available in ECMAScript 6 (ES6), the latest version of the st","website":"https://github.com/getify/You-Dont-Know-JS/tree/master/es6%20&%20beyond"},{"isbn":"9781491950296","title":"Programming JavaScript Applications","subTitle":"Robust Web Architecture with Node, HTML5, and Modern JS Libraries","author":"Eric Elliott","publish_date":"2014-07-01T00:00:00.000Z","publisher":"O'Reilly Media","pages":254,"description":"Take advantage of JavaScript's power to build robust web-scale or enterprise applications that are easy to extend and maintain. By applying the design patterns outlined in this practical book, experienced JavaScript developers will learn how to write flex","website":"http://chimera.labs.oreilly.com/books/1234000000262/index.html"},{"isbn":"9781593275846","title":"Eloquent JavaScript, Second Edition","subTitle":"A Modern Introduction to Programming","author":"Marijn Haverbeke","publish_date":"2014-12-14T00:00:00.000Z","publisher":"No Starch Press","pages":472,"description":"JavaScript lies at the heart of almost every modern web application, from social apps to the newest browser-based games. Though simple for beginners to pick up and play with, JavaScript is a flexible, complex language that you can use to build full-scale ","website":"http://eloquentjavascript.net/"},{"isbn":"9781593277574","title":"Understanding ECMAScript 6","subTitle":"The Definitive Guide for JavaScript Developers","author":"Nicholas C. Zakas","publish_date":"2016-09-03T00:00:00.000Z","publisher":"No Starch Press","pages":352,"description":"ECMAScript 6 represents the biggest update to the core of JavaScript in the history of the language. In Understanding ECMAScript 6, expert developer Nicholas C. Zakas provides a complete guide to the object types, syntax, and other exciting changes that E","website":"https://leanpub.com/understandinges6/read"}]}

14:46:58.702 [pool-2-thread-1] DEBUG com.intuit.karate - response time in milliseconds: 522
1 < 200
1 < Server: nginx/1.17.10 (Ubuntu)
1 < Date: Mon, 12 Jan 2026 17:47:03 GMT
1 < Content-Type: application/json; charset=utf-8
1 < Content-Length: 4514
1 < Connection: keep-alive
1 < X-Powered-By: Express
1 < ETag: W/"11a2-8zfX++QwcgaCjSU6F8JP9fUd1tY"
{"books":[{"isbn":"9781449325862","title":"Git Pocket Guide","subTitle":"A Working Introduction","author":"Richard E. Silverman","publish_date":"2020-06-04T08:48:39.000Z","publisher":"O'Reilly Media","pages":234,"description":"This pocket guide is the perfect on-the-job companion to Git, the distributed version control system. It provides a compact, readable introduction to Git for new users, as well as a reference to common commands and procedures for those of you with Git exp","website":"http://chimera.labs.oreilly.com/books/1230000000561/index.html"},{"isbn":"9781449331818","title":"Learning JavaScript Design Patterns","subTitle":"A JavaScript and jQuery Developer's Guide","author":"Addy Osmani","publish_date":"2020-06-04T09:11:40.000Z","publisher":"O'Reilly Media","pages":254,"description":"With Learning JavaScript Design Patterns, you'll learn how to write beautiful, structured, and maintainable JavaScript by applying classical and modern design patterns to the language. If you want to keep your code efficient, more manageable, and up-to-da","website":"http://www.addyosmani.com/resources/essentialjsdesignpatterns/book/"},{"isbn":"9781449337711","title":"Designing Evolvable Web APIs with ASP.NET","subTitle":"Harnessing the Power of the Web","author":"Glenn Block et al.","publish_date":"2020-06-04T09:12:43.000Z","publisher":"O'Reilly Media","pages":238,"description":"Design and build Web APIs for a broad range of clients—including browsers and mobile devices—that can adapt to change over time. This practical, hands-on guide takes you through the theory and tools you need to build evolvable HTTP services with Microsoft","website":"http://chimera.labs.oreilly.com/books/1234000001708/index.html"},{"isbn":"9781449365035","title":"Speaking JavaScript","subTitle":"An In-Depth Guide for Programmers","author":"Axel Rauschmayer","publish_date":"2014-02-01T00:00:00.000Z","publisher":"O'Reilly Media","pages":460,"description":"Like it or not, JavaScript is everywhere these days-from browser to server to mobile-and now you, too, need to learn the language or dive deeper than you have. This concise book guides you into and through JavaScript, written by a veteran programmer who o","website":"http://speakingjs.com/"},{"isbn":"9781491904244","title":"You Don't Know JS","subTitle":"ES6 & Beyond","author":"Kyle Simpson","publish_date":"2015-12-27T00:00:00.000Z","publisher":"O'Reilly Media","pages":278,"description":"No matter how much experience you have with JavaScript, odds are you don’t fully understand the language. As part of the \\\"You Don’t Know JS\\\" series, this compact guide focuses on new features available in ECMAScript 6 (ES6), the latest version of the st","website":"https://github.com/getify/You-Dont-Know-JS/tree/master/es6%20&%20beyond"},{"isbn":"9781491950296","title":"Programming JavaScript Applications","subTitle":"Robust Web Architecture with Node, HTML5, and Modern JS Libraries","author":"Eric Elliott","publish_date":"2014-07-01T00:00:00.000Z","publisher":"O'Reilly Media","pages":254,"description":"Take advantage of JavaScript's power to build robust web-scale or enterprise applications that are easy to extend and maintain. By applying the design patterns outlined in this practical book, experienced JavaScript developers will learn how to write flex","website":"http://chimera.labs.oreilly.com/books/1234000000262/index.html"},{"isbn":"9781593275846","title":"Eloquent JavaScript, Second Edition","subTitle":"A Modern Introduction to Programming","author":"Marijn Haverbeke","publish_date":"2014-12-14T00:00:00.000Z","publisher":"No Starch Press","pages":472,"description":"JavaScript lies at the heart of almost every modern web application, from social apps to the newest browser-based games. Though simple for beginners to pick up and play with, JavaScript is a flexible, complex language that you can use to build full-scale ","website":"http://eloquentjavascript.net/"},{"isbn":"9781593277574","title":"Understanding ECMAScript 6","subTitle":"The Definitive Guide for JavaScript Developers","author":"Nicholas C. Zakas","publish_date":"2016-09-03T00:00:00.000Z","publisher":"No Starch Press","pages":352,"description":"ECMAScript 6 represents the biggest update to the core of JavaScript in the history of the language. In Understanding ECMAScript 6, expert developer Nicholas C. Zakas provides a complete guide to the object types, syntax, and other exciting changes that E","website":"https://leanpub.com/understandinges6/read"}]}

14:46:58.708 [pool-2-thread-3] INFO  com.intuit.karate - [print] ------------------------------------- 
14:46:58.709 [pool-2-thread-3] INFO  com.intuit.karate - [print] Status da Resposta: 200 
14:46:58.709 [pool-2-thread-2] INFO  com.intuit.karate - [print] ------------------------------------- 
14:46:58.711 [pool-2-thread-3] INFO  com.intuit.karate - [print] Total de livros encontrados no catálogo: 8 
14:46:58.711 [pool-2-thread-2] INFO  com.intuit.karate - [print] Status da Resposta: 200 
14:46:58.712 [pool-2-thread-2] INFO  com.intuit.karate - [print] Total de livros encontrados no catálogo: 8 
14:46:58.712 [pool-2-thread-3] INFO  com.intuit.karate - [print] Informações do primeiro livro da lista: 
14:46:58.713 [pool-2-thread-2] INFO  com.intuit.karate - [print] Informações do primeiro livro da lista: 
14:46:58.713 [pool-2-thread-3] INFO  com.intuit.karate - [print] ID do Livro: 9781449325862 
14:46:58.715 [pool-2-thread-2] INFO  com.intuit.karate - [print] ID do Livro: 9781449325862 
14:46:58.715 [pool-2-thread-3] INFO  com.intuit.karate - [print] Título: Git Pocket Guide 
14:46:58.715 [pool-2-thread-3] INFO  com.intuit.karate - [print] ------------------------------------- 
14:46:58.716 [pool-2-thread-2] INFO  com.intuit.karate - [print] Título: Git Pocket Guide 
14:46:58.717 [pool-2-thread-2] INFO  com.intuit.karate - [print] ------------------------------------- 
14:46:58.717 [pool-2-thread-3] INFO  com.intuit.karate - [print] {
  "books": [
    {
      "isbn": "9781449325862",
      "title": "Git Pocket Guide",
      "subTitle": "A Working Introduction",
      "author": "Richard E. Silverman",
      "publish_date": "2020-06-04T08:48:39.000Z",
      "publisher": "O'Reilly Media",
      "pages": 234,
      "description": "This pocket guide is the perfect on-the-job companion to Git, the distributed version control system. It provides a compact, readable introduction to Git for new users, as well as a reference to common commands and procedures for those of you with Git exp",
      "website": "http://chimera.labs.oreilly.com/books/1230000000561/index.html"
    },
    {
      "isbn": "9781449331818",
      "title": "Learning JavaScript Design Patterns",
      "subTitle": "A JavaScript and jQuery Developer's Guide",
      "author": "Addy Osmani",
      "publish_date": "2020-06-04T09:11:40.000Z",
      "publisher": "O'Reilly Media",
      "pages": 254,
      "description": "With Learning JavaScript Design Patterns, you'll learn how to write beautiful, structured, and maintainable JavaScript by applying classical and modern design patterns to the language. If you want to keep your code efficient, more manageable, and up-to-da",
      "website": "http://www.addyosmani.com/resources/essentialjsdesignpatterns/book/"
    },
    {
      "isbn": "9781449337711",
      "title": "Designing Evolvable Web APIs with ASP.NET",
      "subTitle": "Harnessing the Power of the Web",
      "author": "Glenn Block et al.",
      "publish_date": "2020-06-04T09:12:43.000Z",
      "publisher": "O'Reilly Media",
      "pages": 238,
      "description": "Design and build Web APIs for a broad range of clients\u2014including browsers and mobile devices\u2014that can adapt to change over time. This practical, hands-on guide takes you through the theory and tools you need to build evolvable HTTP services with Microsoft",
      "website": "http://chimera.labs.oreilly.com/books/1234000001708/index.html"
    },
    {
      "isbn": "9781449365035",
      "title": "Speaking JavaScript",
      "subTitle": "An In-Depth Guide for Programmers",
      "author": "Axel Rauschmayer",
      "publish_date": "2014-02-01T00:00:00.000Z",
      "publisher": "O'Reilly Media",
      "pages": 460,
      "description": "Like it or not, JavaScript is everywhere these days-from browser to server to mobile-and now you, too, need to learn the language or dive deeper than you have. This concise book guides you into and through JavaScript, written by a veteran programmer who o",
      "website": "http://speakingjs.com/"
    },
    {
      "isbn": "9781491904244",
      "title": "You Don't Know JS",
      "subTitle": "ES6 & Beyond",
      "author": "Kyle Simpson",
      "publish_date": "2015-12-27T00:00:00.000Z",
      "publisher": "O'Reilly Media",
      "pages": 278,
      "description": "No matter how much experience you have with JavaScript, odds are you don\u2019t fully understand the language. As part of the \\\"You Don\u2019t Know JS\\\" series, this compact guide focuses on new features available in ECMAScript 6 (ES6), the latest version of the st",
      "website": "https://github.com/getify/You-Dont-Know-JS/tree/master/es6%20&%20beyond"
    },
    {
      "isbn": "9781491950296",
      "title": "Programming JavaScript Applications",
      "subTitle": "Robust Web Architecture with Node, HTML5, and Modern JS Libraries",
      "author": "Eric Elliott",
      "publish_date": "2014-07-01T00:00:00.000Z",
      "publisher": "O'Reilly Media",
      "pages": 254,
      "description": "Take advantage of JavaScript's power to build robust web-scale or enterprise applications that are easy to extend and maintain. By applying the design patterns outlined in this practical book, experienced JavaScript developers will learn how to write flex",
      "website": "http://chimera.labs.oreilly.com/books/1234000000262/index.html"
    },
    {
      "isbn": "9781593275846",
      "title": "Eloquent JavaScript, Second Edition",
      "subTitle": "A Modern Introduction to Programming",
      "author": "Marijn Haverbeke",
      "publish_date": "2014-12-14T00:00:00.000Z",
      "publisher": "No Starch Press",
      "pages": 472,
      "description": "JavaScript lies at the heart of almost every modern web application, from social apps to the newest browser-based games. Though simple for beginners to pick up and play with, JavaScript is a flexible, complex language that you can use to build full-scale ",
      "website": "http://eloquentjavascript.net/"
    },
    {
      "isbn": "9781593277574",
      "title": "Understanding ECMAScript 6",
      "subTitle": "The Definitive Guide for JavaScript Developers",
      "author": "Nicholas C. Zakas",
      "publish_date": "2016-09-03T00:00:00.000Z",
      "publisher": "No Starch Press",
      "pages": 352,
      "description": "ECMAScript 6 represents the biggest update to the core of JavaScript in the history of the language. In Understanding ECMAScript 6, expert developer Nicholas C. Zakas provides a complete guide to the object types, syntax, and other exciting changes that E",
      "website": "https://leanpub.com/understandinges6/read"
    }
  ]
}
 
14:46:58.718 [pool-2-thread-1] INFO  com.intuit.karate - [print] ------------------------------------- 
14:46:58.719 [pool-2-thread-2] INFO  com.intuit.karate - [print] {
  "books": [
    {
      "isbn": "9781449325862",
      "title": "Git Pocket Guide",
      "subTitle": "A Working Introduction",
      "author": "Richard E. Silverman",
      "publish_date": "2020-06-04T08:48:39.000Z",
      "publisher": "O'Reilly Media",
      "pages": 234,
      "description": "This pocket guide is the perfect on-the-job companion to Git, the distributed version control system. It provides a compact, readable introduction to Git for new users, as well as a reference to common commands and procedures for those of you with Git exp",
      "website": "http://chimera.labs.oreilly.com/books/1230000000561/index.html"
    },
    {
      "isbn": "9781449331818",
      "title": "Learning JavaScript Design Patterns",
      "subTitle": "A JavaScript and jQuery Developer's Guide",
      "author": "Addy Osmani",
      "publish_date": "2020-06-04T09:11:40.000Z",
      "publisher": "O'Reilly Media",
      "pages": 254,
      "description": "With Learning JavaScript Design Patterns, you'll learn how to write beautiful, structured, and maintainable JavaScript by applying classical and modern design patterns to the language. If you want to keep your code efficient, more manageable, and up-to-da",
      "website": "http://www.addyosmani.com/resources/essentialjsdesignpatterns/book/"
    },
    {
      "isbn": "9781449337711",
      "title": "Designing Evolvable Web APIs with ASP.NET",
      "subTitle": "Harnessing the Power of the Web",
      "author": "Glenn Block et al.",
      "publish_date": "2020-06-04T09:12:43.000Z",
      "publisher": "O'Reilly Media",
      "pages": 238,
      "description": "Design and build Web APIs for a broad range of clients\u2014including browsers and mobile devices\u2014that can adapt to change over time. This practical, hands-on guide takes you through the theory and tools you need to build evolvable HTTP services with Microsoft",
      "website": "http://chimera.labs.oreilly.com/books/1234000001708/index.html"
    },
    {
      "isbn": "9781449365035",
      "title": "Speaking JavaScript",
      "subTitle": "An In-Depth Guide for Programmers",
      "author": "Axel Rauschmayer",
      "publish_date": "2014-02-01T00:00:00.000Z",
      "publisher": "O'Reilly Media",
      "pages": 460,
      "description": "Like it or not, JavaScript is everywhere these days-from browser to server to mobile-and now you, too, need to learn the language or dive deeper than you have. This concise book guides you into and through JavaScript, written by a veteran programmer who o",
      "website": "http://speakingjs.com/"
    },
    {
      "isbn": "9781491904244",
      "title": "You Don't Know JS",
      "subTitle": "ES6 & Beyond",
      "author": "Kyle Simpson",
      "publish_date": "2015-12-27T00:00:00.000Z",
      "publisher": "O'Reilly Media",
      "pages": 278,
      "description": "No matter how much experience you have with JavaScript, odds are you don\u2019t fully understand the language. As part of the \\\"You Don\u2019t Know JS\\\" series, this compact guide focuses on new features available in ECMAScript 6 (ES6), the latest version of the st",
      "website": "https://github.com/getify/You-Dont-Know-JS/tree/master/es6%20&%20beyond"
    },
    {
      "isbn": "9781491950296",
      "title": "Programming JavaScript Applications",
      "subTitle": "Robust Web Architecture with Node, HTML5, and Modern JS Libraries",
      "author": "Eric Elliott",
      "publish_date": "2014-07-01T00:00:00.000Z",
      "publisher": "O'Reilly Media",
      "pages": 254,
      "description": "Take advantage of JavaScript's power to build robust web-scale or enterprise applications that are easy to extend and maintain. By applying the design patterns outlined in this practical book, experienced JavaScript developers will learn how to write flex",
      "website": "http://chimera.labs.oreilly.com/books/1234000000262/index.html"
    },
    {
      "isbn": "9781593275846",
      "title": "Eloquent JavaScript, Second Edition",
      "subTitle": "A Modern Introduction to Programming",
      "author": "Marijn Haverbeke",
      "publish_date": "2014-12-14T00:00:00.000Z",
      "publisher": "No Starch Press",
      "pages": 472,
      "description": "JavaScript lies at the heart of almost every modern web application, from social apps to the newest browser-based games. Though simple for beginners to pick up and play with, JavaScript is a flexible, complex language that you can use to build full-scale ",
      "website": "http://eloquentjavascript.net/"
    },
    {
      "isbn": "9781593277574",
      "title": "Understanding ECMAScript 6",
      "subTitle": "The Definitive Guide for JavaScript Developers",
      "author": "Nicholas C. Zakas",
      "publish_date": "2016-09-03T00:00:00.000Z",
      "publisher": "No Starch Press",
      "pages": 352,
      "description": "ECMAScript 6 represents the biggest update to the core of JavaScript in the history of the language. In Understanding ECMAScript 6, expert developer Nicholas C. Zakas provides a complete guide to the object types, syntax, and other exciting changes that E",
      "website": "https://leanpub.com/understandinges6/read"
    }
  ]
}
 
14:46:58.719 [pool-2-thread-1] INFO  com.intuit.karate - [print] Status da Resposta: 200 
14:46:58.721 [pool-2-thread-1] INFO  com.intuit.karate - [print] Total de livros encontrados no catálogo: 8 
14:46:58.722 [pool-2-thread-1] INFO  com.intuit.karate - [print] Informações do primeiro livro da lista: 
14:46:58.723 [pool-2-thread-1] INFO  com.intuit.karate - [print] ID do Livro: 9781449325862 
14:46:58.725 [pool-2-thread-1] INFO  com.intuit.karate - [print] Título: Git Pocket Guide 
14:46:58.725 [pool-2-thread-3] DEBUG com.intuit.karate - request:
1 > POST https://bookstore.toolsqa.com/BookStore/v1/Books
1 > Authorization: Bearer eyJhbGciOiJIUzI1NiIsInR5cCI6IkpXVCJ9.eyJ1c2VyTmFtZSI6ImlzaXMudmVsb3NvQGxpdmUuY29tIiwicGFzc3dvcmQiOiJTZW5oYTEyMzRAIiwiaWF0IjoxNzY4MjQwMDIxfQ.uhwo13L3hS7n2D7UbWQud7v1uyakgWq1N7xeuyLLKYk
1 > Content-Type: application/json; charset=UTF-8
1 > Content-Length: 93
1 > Host: bookstore.toolsqa.com
1 > Connection: Keep-Alive
1 > User-Agent: Apache-HttpClient/4.5.14 (Java/21.0.9)
1 > Accept-Encoding: gzip,deflate
{"userId":"205be840-0032-4b4a-9248-73c7f6501963","collectionOfIsbns":[{"isbn":"0000000000"}]}

14:46:58.725 [pool-2-thread-1] INFO  com.intuit.karate - [print] ------------------------------------- 
14:46:58.726 [pool-2-thread-2] DEBUG com.intuit.karate - request:
1 > POST https://bookstore.toolsqa.com/BookStore/v1/Books
1 > Authorization: 
1 > Content-Type: application/json; charset=UTF-8
1 > Content-Length: 96
1 > Host: bookstore.toolsqa.com
1 > Connection: Keep-Alive
1 > User-Agent: Apache-HttpClient/4.5.14 (Java/21.0.9)
1 > Accept-Encoding: gzip,deflate
{"userId":"205be840-0032-4b4a-9248-73c7f6501963","collectionOfIsbns":[{"isbn":"9781449325862"}]}

14:46:58.726 [pool-2-thread-1] INFO  com.intuit.karate - [print] {
  "books": [
    {
      "isbn": "9781449325862",
      "title": "Git Pocket Guide",
      "subTitle": "A Working Introduction",
      "author": "Richard E. Silverman",
      "publish_date": "2020-06-04T08:48:39.000Z",
      "publisher": "O'Reilly Media",
      "pages": 234,
      "description": "This pocket guide is the perfect on-the-job companion to Git, the distributed version control system. It provides a compact, readable introduction to Git for new users, as well as a reference to common commands and procedures for those of you with Git exp",
      "website": "http://chimera.labs.oreilly.com/books/1230000000561/index.html"
    },
    {
      "isbn": "9781449331818",
      "title": "Learning JavaScript Design Patterns",
      "subTitle": "A JavaScript and jQuery Developer's Guide",
      "author": "Addy Osmani",
      "publish_date": "2020-06-04T09:11:40.000Z",
      "publisher": "O'Reilly Media",
      "pages": 254,
      "description": "With Learning JavaScript Design Patterns, you'll learn how to write beautiful, structured, and maintainable JavaScript by applying classical and modern design patterns to the language. If you want to keep your code efficient, more manageable, and up-to-da",
      "website": "http://www.addyosmani.com/resources/essentialjsdesignpatterns/book/"
    },
    {
      "isbn": "9781449337711",
      "title": "Designing Evolvable Web APIs with ASP.NET",
      "subTitle": "Harnessing the Power of the Web",
      "author": "Glenn Block et al.",
      "publish_date": "2020-06-04T09:12:43.000Z",
      "publisher": "O'Reilly Media",
      "pages": 238,
      "description": "Design and build Web APIs for a broad range of clients\u2014including browsers and mobile devices\u2014that can adapt to change over time. This practical, hands-on guide takes you through the theory and tools you need to build evolvable HTTP services with Microsoft",
      "website": "http://chimera.labs.oreilly.com/books/1234000001708/index.html"
    },
    {
      "isbn": "9781449365035",
      "title": "Speaking JavaScript",
      "subTitle": "An In-Depth Guide for Programmers",
      "author": "Axel Rauschmayer",
      "publish_date": "2014-02-01T00:00:00.000Z",
      "publisher": "O'Reilly Media",
      "pages": 460,
      "description": "Like it or not, JavaScript is everywhere these days-from browser to server to mobile-and now you, too, need to learn the language or dive deeper than you have. This concise book guides you into and through JavaScript, written by a veteran programmer who o",
      "website": "http://speakingjs.com/"
    },
    {
      "isbn": "9781491904244",
      "title": "You Don't Know JS",
      "subTitle": "ES6 & Beyond",
      "author": "Kyle Simpson",
      "publish_date": "2015-12-27T00:00:00.000Z",
      "publisher": "O'Reilly Media",
      "pages": 278,
      "description": "No matter how much experience you have with JavaScript, odds are you don\u2019t fully understand the language. As part of the \\\"You Don\u2019t Know JS\\\" series, this compact guide focuses on new features available in ECMAScript 6 (ES6), the latest version of the st",
      "website": "https://github.com/getify/You-Dont-Know-JS/tree/master/es6%20&%20beyond"
    },
    {
      "isbn": "9781491950296",
      "title": "Programming JavaScript Applications",
      "subTitle": "Robust Web Architecture with Node, HTML5, and Modern JS Libraries",
      "author": "Eric Elliott",
      "publish_date": "2014-07-01T00:00:00.000Z",
      "publisher": "O'Reilly Media",
      "pages": 254,
      "description": "Take advantage of JavaScript's power to build robust web-scale or enterprise applications that are easy to extend and maintain. By applying the design patterns outlined in this practical book, experienced JavaScript developers will learn how to write flex",
      "website": "http://chimera.labs.oreilly.com/books/1234000000262/index.html"
    },
    {
      "isbn": "9781593275846",
      "title": "Eloquent JavaScript, Second Edition",
      "subTitle": "A Modern Introduction to Programming",
      "author": "Marijn Haverbeke",
      "publish_date": "2014-12-14T00:00:00.000Z",
      "publisher": "No Starch Press",
      "pages": 472,
      "description": "JavaScript lies at the heart of almost every modern web application, from social apps to the newest browser-based games. Though simple for beginners to pick up and play with, JavaScript is a flexible, complex language that you can use to build full-scale ",
      "website": "http://eloquentjavascript.net/"
    },
    {
      "isbn": "9781593277574",
      "title": "Understanding ECMAScript 6",
      "subTitle": "The Definitive Guide for JavaScript Developers",
      "author": "Nicholas C. Zakas",
      "publish_date": "2016-09-03T00:00:00.000Z",
      "publisher": "No Starch Press",
      "pages": 352,
      "description": "ECMAScript 6 represents the biggest update to the core of JavaScript in the history of the language. In Understanding ECMAScript 6, expert developer Nicholas C. Zakas provides a complete guide to the object types, syntax, and other exciting changes that E",
      "website": "https://leanpub.com/understandinges6/read"
    }
  ]
}
 
14:46:58.734 [pool-2-thread-1] DEBUG com.intuit.karate - request:
1 > POST https://bookstore.toolsqa.com/BookStore/v1/Books
1 > Authorization: Bearer eyJhbGciOiJIUzI1NiIsInR5cCI6IkpXVCJ9.eyJ1c2VyTmFtZSI6ImlzaXMudmVsb3NvQGxpdmUuY29tIiwicGFzc3dvcmQiOiJTZW5oYTEyMzRAIiwiaWF0IjoxNzY4MjQwMDIxfQ.uhwo13L3hS7n2D7UbWQud7v1uyakgWq1N7xeuyLLKYk
1 > Content-Type: application/json; charset=UTF-8
1 > Content-Length: 96
1 > Host: bookstore.toolsqa.com
1 > Connection: Keep-Alive
1 > User-Agent: Apache-HttpClient/4.5.14 (Java/21.0.9)
1 > Accept-Encoding: gzip,deflate
{"userId":"205be840-0032-4b4a-9248-73c7f6501963","collectionOfIsbns":[{"isbn":"9781449325862"}]}

14:46:58.939 [pool-2-thread-5] DEBUG com.intuit.karate - response time in milliseconds: 515
1 < 200
1 < Server: nginx/1.17.10 (Ubuntu)
1 < Date: Mon, 12 Jan 2026 17:47:04 GMT
1 < Content-Type: application/json; charset=utf-8
1 < Content-Length: 4514
1 < Connection: keep-alive
1 < X-Powered-By: Express
1 < ETag: W/"11a2-8zfX++QwcgaCjSU6F8JP9fUd1tY"
{"books":[{"isbn":"9781449325862","title":"Git Pocket Guide","subTitle":"A Working Introduction","author":"Richard E. Silverman","publish_date":"2020-06-04T08:48:39.000Z","publisher":"O'Reilly Media","pages":234,"description":"This pocket guide is the perfect on-the-job companion to Git, the distributed version control system. It provides a compact, readable introduction to Git for new users, as well as a reference to common commands and procedures for those of you with Git exp","website":"http://chimera.labs.oreilly.com/books/1230000000561/index.html"},{"isbn":"9781449331818","title":"Learning JavaScript Design Patterns","subTitle":"A JavaScript and jQuery Developer's Guide","author":"Addy Osmani","publish_date":"2020-06-04T09:11:40.000Z","publisher":"O'Reilly Media","pages":254,"description":"With Learning JavaScript Design Patterns, you'll learn how to write beautiful, structured, and maintainable JavaScript by applying classical and modern design patterns to the language. If you want to keep your code efficient, more manageable, and up-to-da","website":"http://www.addyosmani.com/resources/essentialjsdesignpatterns/book/"},{"isbn":"9781449337711","title":"Designing Evolvable Web APIs with ASP.NET","subTitle":"Harnessing the Power of the Web","author":"Glenn Block et al.","publish_date":"2020-06-04T09:12:43.000Z","publisher":"O'Reilly Media","pages":238,"description":"Design and build Web APIs for a broad range of clients—including browsers and mobile devices—that can adapt to change over time. This practical, hands-on guide takes you through the theory and tools you need to build evolvable HTTP services with Microsoft","website":"http://chimera.labs.oreilly.com/books/1234000001708/index.html"},{"isbn":"9781449365035","title":"Speaking JavaScript","subTitle":"An In-Depth Guide for Programmers","author":"Axel Rauschmayer","publish_date":"2014-02-01T00:00:00.000Z","publisher":"O'Reilly Media","pages":460,"description":"Like it or not, JavaScript is everywhere these days-from browser to server to mobile-and now you, too, need to learn the language or dive deeper than you have. This concise book guides you into and through JavaScript, written by a veteran programmer who o","website":"http://speakingjs.com/"},{"isbn":"9781491904244","title":"You Don't Know JS","subTitle":"ES6 & Beyond","author":"Kyle Simpson","publish_date":"2015-12-27T00:00:00.000Z","publisher":"O'Reilly Media","pages":278,"description":"No matter how much experience you have with JavaScript, odds are you don’t fully understand the language. As part of the \\\"You Don’t Know JS\\\" series, this compact guide focuses on new features available in ECMAScript 6 (ES6), the latest version of the st","website":"https://github.com/getify/You-Dont-Know-JS/tree/master/es6%20&%20beyond"},{"isbn":"9781491950296","title":"Programming JavaScript Applications","subTitle":"Robust Web Architecture with Node, HTML5, and Modern JS Libraries","author":"Eric Elliott","publish_date":"2014-07-01T00:00:00.000Z","publisher":"O'Reilly Media","pages":254,"description":"Take advantage of JavaScript's power to build robust web-scale or enterprise applications that are easy to extend and maintain. By applying the design patterns outlined in this practical book, experienced JavaScript developers will learn how to write flex","website":"http://chimera.labs.oreilly.com/books/1234000000262/index.html"},{"isbn":"9781593275846","title":"Eloquent JavaScript, Second Edition","subTitle":"A Modern Introduction to Programming","author":"Marijn Haverbeke","publish_date":"2014-12-14T00:00:00.000Z","publisher":"No Starch Press","pages":472,"description":"JavaScript lies at the heart of almost every modern web application, from social apps to the newest browser-based games. Though simple for beginners to pick up and play with, JavaScript is a flexible, complex language that you can use to build full-scale ","website":"http://eloquentjavascript.net/"},{"isbn":"9781593277574","title":"Understanding ECMAScript 6","subTitle":"The Definitive Guide for JavaScript Developers","author":"Nicholas C. Zakas","publish_date":"2016-09-03T00:00:00.000Z","publisher":"No Starch Press","pages":352,"description":"ECMAScript 6 represents the biggest update to the core of JavaScript in the history of the language. In Understanding ECMAScript 6, expert developer Nicholas C. Zakas provides a complete guide to the object types, syntax, and other exciting changes that E","website":"https://leanpub.com/understandinges6/read"}]}

[...]
14:47:03.083 [pool-2-thread-4] INFO  com.intuit.karate - [print] RESPOSTA COMPLETA: {
  "userId": "0bf9cae2-76c6-4623-9e59-a3d77e6d1b7a",
  "username": "amanda.nunes@live.com",
  "books": [
    {
      "isbn": "9781449331818",
      "title": "Learning JavaScript Design Patterns",
      "subTitle": "A JavaScript and jQuery Developer's Guide",
      "author": "Addy Osmani",
      "publish_date": "2020-06-04T09:11:40.000Z",
      "publisher": "O'Reilly Media",
      "pages": 254,
      "description": "With Learning JavaScript Design Patterns, you'll learn how to write beautiful, structured, and maintainable JavaScript by applying classical and modern design patterns to the language. If you want to keep your code efficient, more manageable, and up-to-da",
      "website": "http://www.addyosmani.com/resources/essentialjsdesignpatterns/book/"
    }
  ]
}
 
14:47:03.084 [pool-2-thread-4] INFO  com.intuit.karate - [print] ----------------------------------------------------------------- 
14:47:03.086 [pool-2-thread-3] DEBUG com.intuit.karate - response time in milliseconds: 498
1 < 200
1 < Server: nginx/1.17.10 (Ubuntu)
1 < Date: Mon, 12 Jan 2026 17:47:08 GMT
1 < Content-Type: application/json; charset=utf-8
1 < Content-Length: 4514
1 < Connection: keep-alive
1 < X-Powered-By: Express
1 < ETag: W/"11a2-8zfX++QwcgaCjSU6F8JP9fUd1tY"
{"books":[{"isbn":"9781449325862","title":"Git Pocket Guide","subTitle":"A Working Introduction","author":"Richard E. Silverman","publish_date":"2020-06-04T08:48:39.000Z","publisher":"O'Reilly Media","pages":234,"description":"This pocket guide is the perfect on-the-job companion to Git, the distributed version control system. It provides a compact, readable introduction to Git for new users, as well as a reference to common commands and procedures for those of you with Git exp","website":"http://chimera.labs.oreilly.com/books/1230000000561/index.html"},{"isbn":"9781449331818","title":"Learning JavaScript Design Patterns","subTitle":"A JavaScript and jQuery Developer's Guide","author":"Addy Osmani","publish_date":"2020-06-04T09:11:40.000Z","publisher":"O'Reilly Media","pages":254,"description":"With Learning JavaScript Design Patterns, you'll learn how to write beautiful, structured, and maintainable JavaScript by applying classical and modern design patterns to the language. If you want to keep your code efficient, more manageable, and up-to-da","website":"http://www.addyosmani.com/resources/essentialjsdesignpatterns/book/"},{"isbn":"9781449337711","title":"Designing Evolvable Web APIs with ASP.NET","subTitle":"Harnessing the Power of the Web","author":"Glenn Block et al.","publish_date":"2020-06-04T09:12:43.000Z","publisher":"O'Reilly Media","pages":238,"description":"Design and build Web APIs for a broad range of clients—including browsers and mobile devices—that can adapt to change over time. This practical, hands-on guide takes you through the theory and tools you need to build evolvable HTTP services with Microsoft","website":"http://chimera.labs.oreilly.com/books/1234000001708/index.html"},{"isbn":"9781449365035","title":"Speaking JavaScript","subTitle":"An In-Depth Guide for Programmers","author":"Axel Rauschmayer","publish_date":"2014-02-01T00:00:00.000Z","publisher":"O'Reilly Media","pages":460,"description":"Like it or not, JavaScript is everywhere these days-from browser to server to mobile-and now you, too, need to learn the language or dive deeper than you have. This concise book guides you into and through JavaScript, written by a veteran programmer who o","website":"http://speakingjs.com/"},{"isbn":"9781491904244","title":"You Don't Know JS","subTitle":"ES6 & Beyond","author":"Kyle Simpson","publish_date":"2015-12-27T00:00:00.000Z","publisher":"O'Reilly Media","pages":278,"description":"No matter how much experience you have with JavaScript, odds are you don’t fully understand the language. As part of the \\\"You Don’t Know JS\\\" series, this compact guide focuses on new features available in ECMAScript 6 (ES6), the latest version of the st","website":"https://github.com/getify/You-Dont-Know-JS/tree/master/es6%20&%20beyond"},{"isbn":"9781491950296","title":"Programming JavaScript Applications","subTitle":"Robust Web Architecture with Node, HTML5, and Modern JS Libraries","author":"Eric Elliott","publish_date":"2014-07-01T00:00:00.000Z","publisher":"O'Reilly Media","pages":254,"description":"Take advantage of JavaScript's power to build robust web-scale or enterprise applications that are easy to extend and maintain. By applying the design patterns outlined in this practical book, experienced JavaScript developers will learn how to write flex","website":"http://chimera.labs.oreilly.com/books/1234000000262/index.html"},{"isbn":"9781593275846","title":"Eloquent JavaScript, Second Edition","subTitle":"A Modern Introduction to Programming","author":"Marijn Haverbeke","publish_date":"2014-12-14T00:00:00.000Z","publisher":"No Starch Press","pages":472,"description":"JavaScript lies at the heart of almost every modern web application, from social apps to the newest browser-based games. Though simple for beginners to pick up and play with, JavaScript is a flexible, complex language that you can use to build full-scale ","website":"http://eloquentjavascript.net/"},{"isbn":"9781593277574","title":"Understanding ECMAScript 6","subTitle":"The Definitive Guide for JavaScript Developers","author":"Nicholas C. Zakas","publish_date":"2016-09-03T00:00:00.000Z","publisher":"No Starch Press","pages":352,"description":"ECMAScript 6 represents the biggest update to the core of JavaScript in the history of the language. In Understanding ECMAScript 6, expert developer Nicholas C. Zakas provides a complete guide to the object types, syntax, and other exciting changes that E","website":"https://leanpub.com/understandinges6/read"}]}

14:47:03.092 [pool-2-thread-3] INFO  com.intuit.karate - [print] ------------------------------------- 
14:47:03.094 [pool-2-thread-3] INFO  com.intuit.karate - [print] Status da Resposta: 200 
14:47:03.094 [pool-2-thread-3] INFO  com.intuit.karate - [print] Total de livros encontrados no catálogo: 8 
14:47:03.095 [pool-2-thread-3] INFO  com.intuit.karate - [print] Informações do primeiro livro da lista: 
14:47:03.096 [pool-2-thread-3] INFO  com.intuit.karate - [print] ID do Livro: 9781449325862 
14:47:03.097 [pool-2-thread-3] INFO  com.intuit.karate - [print] Título: Git Pocket Guide 
14:47:03.098 [pool-2-thread-3] INFO  com.intuit.karate - [print] ------------------------------------- 
14:47:03.099 [pool-2-thread-3] INFO  com.intuit.karate - [print] {
  "books": [
    {
      "isbn": "9781449325862",
      "title": "Git Pocket Guide",
      "subTitle": "A Working Introduction",
      "author": "Richard E. Silverman",
      "publish_date": "2020-06-04T08:48:39.000Z",
      "publisher": "O'Reilly Media",
      "pages": 234,
      "description": "This pocket guide is the perfect on-the-job companion to Git, the distributed version control system. It provides a compact, readable introduction to Git for new users, as well as a reference to common commands and procedures for those of you with Git exp",
      "website": "http://chimera.labs.oreilly.com/books/1230000000561/index.html"
    },
    {
      "isbn": "9781449331818",
      "title": "Learning JavaScript Design Patterns",
      "subTitle": "A JavaScript and jQuery Developer's Guide",
      "author": "Addy Osmani",
      "publish_date": "2020-06-04T09:11:40.000Z",
      "publisher": "O'Reilly Media",
      "pages": 254,
      "description": "With Learning JavaScript Design Patterns, you'll learn how to write beautiful, structured, and maintainable JavaScript by applying classical and modern design patterns to the language. If you want to keep your code efficient, more manageable, and up-to-da",
      "website": "http://www.addyosmani.com/resources/essentialjsdesignpatterns/book/"
    },
    {
      "isbn": "9781449337711",
      "title": "Designing Evolvable Web APIs with ASP.NET",
      "subTitle": "Harnessing the Power of the Web",
      "author": "Glenn Block et al.",
      "publish_date": "2020-06-04T09:12:43.000Z",
      "publisher": "O'Reilly Media",
      "pages": 238,
      "description": "Design and build Web APIs for a broad range of clients\u2014including browsers and mobile devices\u2014that can adapt to change over time. This practical, hands-on guide takes you through the theory and tools you need to build evolvable HTTP services with Microsoft",
      "website": "http://chimera.labs.oreilly.com/books/1234000001708/index.html"
    },
    {
      "isbn": "9781449365035",
      "title": "Speaking JavaScript",
      "subTitle": "An In-Depth Guide for Programmers",
      "author": "Axel Rauschmayer",
      "publish_date": "2014-02-01T00:00:00.000Z",
      "publisher": "O'Reilly Media",
      "pages": 460,
      "description": "Like it or not, JavaScript is everywhere these days-from browser to server to mobile-and now you, too, need to learn the language or dive deeper than you have. This concise book guides you into and through JavaScript, written by a veteran programmer who o",
      "website": "http://speakingjs.com/"
    },
    {
      "isbn": "9781491904244",
      "title": "You Don't Know JS",
      "subTitle": "ES6 & Beyond",
      "author": "Kyle Simpson",
      "publish_date": "2015-12-27T00:00:00.000Z",
      "publisher": "O'Reilly Media",
      "pages": 278,
      "description": "No matter how much experience you have with JavaScript, odds are you don\u2019t fully understand the language. As part of the \\\"You Don\u2019t Know JS\\\" series, this compact guide focuses on new features available in ECMAScript 6 (ES6), the latest version of the st",
      "website": "https://github.com/getify/You-Dont-Know-JS/tree/master/es6%20&%20beyond"
    },
    {
      "isbn": "9781491950296",
      "title": "Programming JavaScript Applications",
      "subTitle": "Robust Web Architecture with Node, HTML5, and Modern JS Libraries",
      "author": "Eric Elliott",
      "publish_date": "2014-07-01T00:00:00.000Z",
      "publisher": "O'Reilly Media",
      "pages": 254,
      "description": "Take advantage of JavaScript's power to build robust web-scale or enterprise applications that are easy to extend and maintain. By applying the design patterns outlined in this practical book, experienced JavaScript developers will learn how to write flex",
      "website": "http://chimera.labs.oreilly.com/books/1234000000262/index.html"
    },
    {
      "isbn": "9781593275846",
      "title": "Eloquent JavaScript, Second Edition",
      "subTitle": "A Modern Introduction to Programming",
      "author": "Marijn Haverbeke",
      "publish_date": "2014-12-14T00:00:00.000Z",
      "publisher": "No Starch Press",
      "pages": 472,
      "description": "JavaScript lies at the heart of almost every modern web application, from social apps to the newest browser-based games. Though simple for beginners to pick up and play with, JavaScript is a flexible, complex language that you can use to build full-scale ",
      "website": "http://eloquentjavascript.net/"
    },
    {
      "isbn": "9781593277574",
      "title": "Understanding ECMAScript 6",
      "subTitle": "The Definitive Guide for JavaScript Developers",
      "author": "Nicholas C. Zakas",
      "publish_date": "2016-09-03T00:00:00.000Z",
      "publisher": "No Starch Press",
      "pages": 352,
      "description": "ECMAScript 6 represents the biggest update to the core of JavaScript in the history of the language. In Understanding ECMAScript 6, expert developer Nicholas C. Zakas provides a complete guide to the object types, syntax, and other exciting changes that E",
      "website": "https://leanpub.com/understandinges6/read"
    }
  ]
}
 
14:47:03.100 [pool-2-thread-3] INFO  com.intuit.karate - << lock released, cached callonce: read('classpath:features/books/listar-todos-os-livros.feature@ListarTodosOsLivros')
14:47:03.100 [pool-2-thread-2] WARN  com.intuit.karate - this thread waited 517 milliseconds for callonce lock: read('classpath:features/books/listar-todos-os-livros.feature@ListarTodosOsLivros')
14:47:03.103 [pool-2-thread-3] DEBUG com.intuit.karate - request:
1 > POST https://bookstore.toolsqa.com/BookStore/v1/Books
1 > Authorization: Bearer eyJhbGciOiJIUzI1NiIsInR5cCI6IkpXVCJ9.eyJ1c2VyTmFtZSI6ImRhbmllbC5kYXBlbmhhQGhvdG1haWwuY29tIiwicGFzc3dvcmQiOiJTZW5oYTEyMzRAIiwiaWF0IjoxNzY4MjQwMDI2fQ.L43vUGllLTGRg1_wHYXy_avaIUaQGc2kabjxSd1c7Mc
1 > Content-Type: application/json; charset=UTF-8
1 > Content-Length: 96
1 > Host: bookstore.toolsqa.com
1 > Connection: Keep-Alive
1 > User-Agent: Apache-HttpClient/4.5.14 (Java/21.0.9)
1 > Accept-Encoding: gzip,deflate
{"userId":"ad3b41da-45b7-4043-aead-db978230ece4","collectionOfIsbns":[{"isbn":"9781449325862"}]}

14:47:03.104 [pool-2-thread-2] DEBUG com.intuit.karate - request:
1 > POST https://bookstore.toolsqa.com/BookStore/v1/Books
1 > Authorization: Bearer eyJhbGciOiJIUzI1NiIsInR5cCI6IkpXVCJ9.eyJ1c2VyTmFtZSI6ImRhbmllbC5kYXBlbmhhQGhvdG1haWwuY29tIiwicGFzc3dvcmQiOiJTZW5oYTEyMzRAIiwiaWF0IjoxNzY4MjQwMDI2fQ.L43vUGllLTGRg1_wHYXy_avaIUaQGc2kabjxSd1c7Mc
1 > Content-Type: application/json; charset=UTF-8
1 > Content-Length: 96
1 > Host: bookstore.toolsqa.com
1 > Connection: Keep-Alive
1 > User-Agent: Apache-HttpClient/4.5.14 (Java/21.0.9)
1 > Accept-Encoding: gzip,deflate
{"userId":"ad3b41da-45b7-4043-aead-db978230ece4","collectionOfIsbns":[{"isbn":"9781449325862"}]}

14:47:03.857 [pool-2-thread-3] DEBUG com.intuit.karate - response time in milliseconds: 752
1 < 201
1 < Server: nginx/1.17.10 (Ubuntu)
1 < Date: Mon, 12 Jan 2026 17:47:09 GMT
1 < Content-Type: application/json; charset=utf-8
1 < Content-Length: 36
1 < Connection: keep-alive
1 < X-Powered-By: Express
1 < ETag: W/"24-2U7DK3nFgERO/LjA8mW3SiqYyFc"
{"books":[{"isbn":"9781449325862"}]}

14:47:03.859 [pool-2-thread-2] DEBUG com.intuit.karate - response time in milliseconds: 755
1 < 201
1 < Server: nginx/1.17.10 (Ubuntu)
1 < Date: Mon, 12 Jan 2026 17:47:09 GMT
1 < Content-Type: application/json; charset=utf-8
1 < Content-Length: 36
1 < Connection: keep-alive
1 < X-Powered-By: Express
1 < ETag: W/"24-2U7DK3nFgERO/LjA8mW3SiqYyFc"
{"books":[{"isbn":"9781449325862"}]}

14:47:03.872 [pool-2-thread-2] DEBUG com.intuit.karate - request:
2 > DELETE https://bookstore.toolsqa.com/BookStore/v1/Book?UserId=ad3b41da-45b7-4043-aead-db978230ece4
2 > Authorization: Bearer eyJhbGciOiJIUzI1NiIsInR5cCI6IkpXVCJ9.eyJ1c2VyTmFtZSI6ImRhbmllbC5kYXBlbmhhQGhvdG1haWwuY29tIiwicGFzc3dvcmQiOiJTZW5oYTEyMzRAIiwiaWF0IjoxNzY4MjQwMDI2fQ.L43vUGllLTGRg1_wHYXy_avaIUaQGc2kabjxSd1c7Mc
2 > Content-Type: application/json; charset=UTF-8
2 > Content-Length: 72
2 > Host: bookstore.toolsqa.com
2 > Connection: Keep-Alive
2 > User-Agent: Apache-HttpClient/4.5.14 (Java/21.0.9)
2 > Accept-Encoding: gzip,deflate
{"isbn":"9781449325862","userId":"ad3b41da-45b7-4043-aead-db978230ece4"}

14:47:03.872 [pool-2-thread-3] DEBUG com.intuit.karate - request:
2 > DELETE https://bookstore.toolsqa.com/BookStore/v1/Book?UserId=ad3b41da-45b7-4043-aead-db978230ece4
2 > Authorization: Bearer eyJhbGciOiJIUzI1NiIsInR5cCI6IkpXVCJ9.eyJ1c2VyTmFtZSI6ImRhbmllbC5kYXBlbmhhQGhvdG1haWwuY29tIiwicGFzc3dvcmQiOiJTZW5oYTEyMzRAIiwiaWF0IjoxNzY4MjQwMDI2fQ.L43vUGllLTGRg1_wHYXy_avaIUaQGc2kabjxSd1c7Mc
2 > Content-Type: application/json; charset=UTF-8
2 > Content-Length: 69
2 > Host: bookstore.toolsqa.com
2 > Connection: Keep-Alive
2 > User-Agent: Apache-HttpClient/4.5.14 (Java/21.0.9)
2 > Accept-Encoding: gzip,deflate
{"isbn":"0000000000","userId":"ad3b41da-45b7-4043-aead-db978230ece4"}

---------------------------------------------------------
feature: classpath:features/books/atualizar-livro.feature
scenarios:  2 | passed:  2 | failed:  0 | time: 20,6497
---------------------------------------------------------

14:47:04.305 [pool-3-thread-1] INFO  com.intuit.karate.Suite - <<pass>> feature 3 of 8 (5 remaining) classpath:features/books/atualizar-livro.feature
14:47:05.160 [pool-2-thread-2] DEBUG com.intuit.karate - response time in milliseconds: 1287
2 < 204
2 < Server: nginx/1.17.10 (Ubuntu)
2 < Date: Mon, 12 Jan 2026 17:47:10 GMT
2 < Connection: keep-alive
2 < X-Powered-By: Express
2 < ETag: W/"76-vkRdpfqXChufFf04ADjPoGEh3Tg"


14:47:05.162 [pool-2-thread-2] INFO  com.intuit.karate - [print] ---------------------------------------------------------------- 
14:47:05.163 [pool-2-thread-2] INFO  com.intuit.karate - [print] Cenario: Remocao com Sucesso 
14:47:05.164 [pool-2-thread-2] INFO  com.intuit.karate - [print] ID do usuario: ad3b41da-45b7-4043-aead-db978230ece4 
14:47:05.164 [pool-2-thread-2] INFO  com.intuit.karate - [print] ID do livro removido: 9781449325862 
14:47:05.166 [pool-2-thread-2] INFO  com.intuit.karate - [print] status recebido: 204 
14:47:05.166 [pool-2-thread-2] INFO  com.intuit.karate - [print] ---------------------------------------------------------------- 
14:47:05.516 [pool-2-thread-3] DEBUG com.intuit.karate - response time in milliseconds: 1644
2 < 400
2 < Server: nginx/1.17.10 (Ubuntu)
2 < Date: Mon, 12 Jan 2026 17:47:10 GMT
2 < Content-Type: application/json; charset=utf-8
2 < Content-Length: 80
2 < Connection: keep-alive
2 < X-Powered-By: Express
2 < ETag: W/"50-zVNoQrFFG7jCwa1ApMkhwufXoo0"
{"code":"1206","message":"ISBN supplied is not available in User's Collection!"}

14:47:05.519 [pool-2-thread-3] INFO  com.intuit.karate - [print] ---------------------------------------------------------------- 
14:47:05.519 [pool-2-thread-3] INFO  com.intuit.karate - [print] Cenario: ISBN Inexistente 
14:47:05.520 [pool-2-thread-3] INFO  com.intuit.karate - [print] ID do usuario: ad3b41da-45b7-4043-aead-db978230ece4 
14:47:05.520 [pool-2-thread-3] INFO  com.intuit.karate - [print] ISBN utilizado: 0000000000 
14:47:05.521 [pool-2-thread-3] INFO  com.intuit.karate - [print] status recebido: 400 
14:47:05.522 [pool-2-thread-3] INFO  com.intuit.karate - [print] Mensagem de erro: ISBN supplied is not available in User's Collection! 
14:47:05.522 [pool-2-thread-3] INFO  com.intuit.karate - [print] ---------------------------------------------------------------- 
---------------------------------------------------------
feature: classpath:features/books/deletar-livro.feature
scenarios:  2 | passed:  2 | failed:  0 | time: 11,1536
---------------------------------------------------------

14:47:05.896 [pool-3-thread-1] INFO  com.intuit.karate.Suite - <<pass>> feature 4 of 8 (4 remaining) classpath:features/books/deletar-livro.feature
---------------------------------------------------------
feature: classpath:features/books/listar-livro-especifico.feature
scenarios:  2 | passed:  2 | failed:  0 | time: 2,2221
---------------------------------------------------------

14:47:06.218 [pool-3-thread-1] INFO  com.intuit.karate.Suite - <<pass>> feature 5 of 8 (3 remaining) classpath:features/books/listar-livro-especifico.feature
---------------------------------------------------------
feature: classpath:features/books/listar-todos-os-livros.feature
scenarios:  1 | passed:  1 | failed:  0 | time: 0,5166
---------------------------------------------------------

14:47:06.311 [pool-3-thread-1] INFO  com.intuit.karate.Suite - <<pass>> feature 6 of 8 (2 remaining) classpath:features/books/listar-todos-os-livros.feature
Karate version: 1.5.0
======================================================
elapsed:  17,14 | threads:    5 | thread time: 55,87 
features:     5 | skipped:    3 | efficiency: 0,65
scenarios:   10 | passed:    10 | failed: 0
======================================================

HTML report: (paste into browser to view) | Karate version: 1.5.0
file:///C:/Users/Joao%20Victor/Desktop/Desafio%20Accenture%20Karate%20DSL%20Joao%20Victor%20Lira%20Vieira/target/karate-reports/karate-summary.html
===================================================================

]]></system-out>
  </testcase>
</testsuite>